{"/Users/bquintian/Works/express-version-api/src/config.ts": {"path":"/Users/bquintian/Works/express-version-api/src/config.ts","statementMap":{"0":{"start":{"line":2,"column":0},"end":{"line":2,"column":62}},"1":{"start":{"line":3,"column":0},"end":{"line":3,"column":32}},"2":{"start":{"line":4,"column":0},"end":{"line":4,"column":38}},"3":{"start":{"line":5,"column":0},"end":{"line":5,"column":36}},"4":{"start":{"line":6,"column":20},"end":{"line":6,"column":42}},"5":{"start":{"line":13,"column":0},"end":{"line":40,"column":2}},"6":{"start":{"line":52,"column":4},"end":{"line":54,"column":5}},"7":{"start":{"line":53,"column":8},"end":{"line":53,"column":38}},"8":{"start":{"line":56,"column":4},"end":{"line":67,"column":5}},"9":{"start":{"line":57,"column":29},"end":{"line":57,"column":75}},"10":{"start":{"line":58,"column":8},"end":{"line":62,"column":9}},"11":{"start":{"line":59,"column":12},"end":{"line":61,"column":13}},"12":{"start":{"line":60,"column":16},"end":{"line":60,"column":154}},"13":{"start":{"line":64,"column":8},"end":{"line":66,"column":9}},"14":{"start":{"line":65,"column":12},"end":{"line":65,"column":137}},"15":{"start":{"line":69,"column":4},"end":{"line":71,"column":5}},"16":{"start":{"line":70,"column":8},"end":{"line":70,"column":105}},"17":{"start":{"line":73,"column":4},"end":{"line":78,"column":5}},"18":{"start":{"line":74,"column":23},"end":{"line":74,"column":65}},"19":{"start":{"line":75,"column":8},"end":{"line":77,"column":9}},"20":{"start":{"line":76,"column":12},"end":{"line":76,"column":134}},"21":{"start":{"line":79,"column":4},"end":{"line":84,"column":5}},"22":{"start":{"line":80,"column":23},"end":{"line":80,"column":66}},"23":{"start":{"line":81,"column":8},"end":{"line":83,"column":9}},"24":{"start":{"line":82,"column":12},"end":{"line":82,"column":135}},"25":{"start":{"line":86,"column":4},"end":{"line":118,"column":6}},"26":{"start":{"line":127,"column":4},"end":{"line":137,"column":7}}},"fnMap":{"0":{"name":"resolveConfig","decl":{"start":{"line":51,"column":9},"end":{"line":51,"column":22}},"loc":{"start":{"line":51,"column":32},"end":{"line":119,"column":1}},"line":51},"1":{"name":"freezeConfig","decl":{"start":{"line":126,"column":9},"end":{"line":126,"column":21}},"loc":{"start":{"line":126,"column":30},"end":{"line":138,"column":1}},"line":126}},"branchMap":{"0":{"loc":{"start":{"line":52,"column":4},"end":{"line":54,"column":5}},"type":"if","locations":[{"start":{"line":52,"column":4},"end":{"line":54,"column":5}},{"start":{},"end":{}}],"line":52},"1":{"loc":{"start":{"line":56,"column":4},"end":{"line":67,"column":5}},"type":"if","locations":[{"start":{"line":56,"column":4},"end":{"line":67,"column":5}},{"start":{},"end":{}}],"line":56},"2":{"loc":{"start":{"line":59,"column":12},"end":{"line":61,"column":13}},"type":"if","locations":[{"start":{"line":59,"column":12},"end":{"line":61,"column":13}},{"start":{},"end":{}}],"line":59},"3":{"loc":{"start":{"line":64,"column":8},"end":{"line":66,"column":9}},"type":"if","locations":[{"start":{"line":64,"column":8},"end":{"line":66,"column":9}},{"start":{},"end":{}}],"line":64},"4":{"loc":{"start":{"line":64,"column":12},"end":{"line":64,"column":87}},"type":"binary-expr","locations":[{"start":{"line":64,"column":12},"end":{"line":64,"column":57}},{"start":{"line":64,"column":61},"end":{"line":64,"column":87}}],"line":64},"5":{"loc":{"start":{"line":69,"column":4},"end":{"line":71,"column":5}},"type":"if","locations":[{"start":{"line":69,"column":4},"end":{"line":71,"column":5}},{"start":{},"end":{}}],"line":69},"6":{"loc":{"start":{"line":69,"column":8},"end":{"line":69,"column":97}},"type":"binary-expr","locations":[{"start":{"line":69,"column":8},"end":{"line":69,"column":41}},{"start":{"line":69,"column":45},"end":{"line":69,"column":97}}],"line":69},"7":{"loc":{"start":{"line":73,"column":4},"end":{"line":78,"column":5}},"type":"if","locations":[{"start":{"line":73,"column":4},"end":{"line":78,"column":5}},{"start":{},"end":{}}],"line":73},"8":{"loc":{"start":{"line":75,"column":8},"end":{"line":77,"column":9}},"type":"if","locations":[{"start":{"line":75,"column":8},"end":{"line":77,"column":9}},{"start":{},"end":{}}],"line":75},"9":{"loc":{"start":{"line":75,"column":12},"end":{"line":75,"column":69}},"type":"binary-expr","locations":[{"start":{"line":75,"column":12},"end":{"line":75,"column":37}},{"start":{"line":75,"column":41},"end":{"line":75,"column":53}},{"start":{"line":75,"column":57},"end":{"line":75,"column":69}}],"line":75},"10":{"loc":{"start":{"line":79,"column":4},"end":{"line":84,"column":5}},"type":"if","locations":[{"start":{"line":79,"column":4},"end":{"line":84,"column":5}},{"start":{},"end":{}}],"line":79},"11":{"loc":{"start":{"line":81,"column":8},"end":{"line":83,"column":9}},"type":"if","locations":[{"start":{"line":81,"column":8},"end":{"line":83,"column":9}},{"start":{},"end":{}}],"line":81},"12":{"loc":{"start":{"line":81,"column":12},"end":{"line":81,"column":69}},"type":"binary-expr","locations":[{"start":{"line":81,"column":12},"end":{"line":81,"column":37}},{"start":{"line":81,"column":41},"end":{"line":81,"column":53}},{"start":{"line":81,"column":57},"end":{"line":81,"column":69}}],"line":81},"13":{"loc":{"start":{"line":88,"column":21},"end":{"line":88,"column":93}},"type":"binary-expr","locations":[{"start":{"line":88,"column":21},"end":{"line":88,"column":48}},{"start":{"line":88,"column":52},"end":{"line":88,"column":93}}],"line":88},"14":{"loc":{"start":{"line":90,"column":22},"end":{"line":90,"column":103}},"type":"binary-expr","locations":[{"start":{"line":90,"column":22},"end":{"line":90,"column":54}},{"start":{"line":90,"column":58},"end":{"line":90,"column":103}}],"line":90},"15":{"loc":{"start":{"line":93,"column":22},"end":{"line":93,"column":101}},"type":"binary-expr","locations":[{"start":{"line":93,"column":22},"end":{"line":93,"column":53}},{"start":{"line":93,"column":57},"end":{"line":93,"column":101}}],"line":93},"16":{"loc":{"start":{"line":96,"column":25},"end":{"line":96,"column":108}},"type":"binary-expr","locations":[{"start":{"line":96,"column":25},"end":{"line":96,"column":58}},{"start":{"line":96,"column":62},"end":{"line":96,"column":108}}],"line":96},"17":{"loc":{"start":{"line":101,"column":34},"end":{"line":102,"column":73}},"type":"binary-expr","locations":[{"start":{"line":101,"column":34},"end":{"line":101,"column":77}},{"start":{"line":102,"column":16},"end":{"line":102,"column":73}}],"line":101},"18":{"loc":{"start":{"line":103,"column":35},"end":{"line":104,"column":74}},"type":"binary-expr","locations":[{"start":{"line":103,"column":35},"end":{"line":103,"column":79}},{"start":{"line":104,"column":16},"end":{"line":104,"column":74}}],"line":103},"19":{"loc":{"start":{"line":105,"column":35},"end":{"line":106,"column":74}},"type":"binary-expr","locations":[{"start":{"line":105,"column":35},"end":{"line":105,"column":79}},{"start":{"line":106,"column":16},"end":{"line":106,"column":74}}],"line":105},"20":{"loc":{"start":{"line":107,"column":36},"end":{"line":108,"column":75}},"type":"binary-expr","locations":[{"start":{"line":107,"column":36},"end":{"line":107,"column":81}},{"start":{"line":108,"column":16},"end":{"line":108,"column":75}}],"line":107},"21":{"loc":{"start":{"line":109,"column":37},"end":{"line":110,"column":76}},"type":"binary-expr","locations":[{"start":{"line":109,"column":37},"end":{"line":109,"column":83}},{"start":{"line":110,"column":16},"end":{"line":110,"column":76}}],"line":109},"22":{"loc":{"start":{"line":113,"column":26},"end":{"line":113,"column":93}},"type":"binary-expr","locations":[{"start":{"line":113,"column":26},"end":{"line":113,"column":50}},{"start":{"line":113,"column":54},"end":{"line":113,"column":93}}],"line":113},"23":{"loc":{"start":{"line":114,"column":24},"end":{"line":114,"column":87}},"type":"binary-expr","locations":[{"start":{"line":114,"column":24},"end":{"line":114,"column":46}},{"start":{"line":114,"column":50},"end":{"line":114,"column":87}}],"line":114},"24":{"loc":{"start":{"line":115,"column":26},"end":{"line":115,"column":93}},"type":"binary-expr","locations":[{"start":{"line":115,"column":26},"end":{"line":115,"column":50}},{"start":{"line":115,"column":54},"end":{"line":115,"column":93}}],"line":115},"25":{"loc":{"start":{"line":116,"column":27},"end":{"line":116,"column":96}},"type":"binary-expr","locations":[{"start":{"line":116,"column":27},"end":{"line":116,"column":52}},{"start":{"line":116,"column":56},"end":{"line":116,"column":96}}],"line":116},"26":{"loc":{"start":{"line":117,"column":24},"end":{"line":117,"column":87}},"type":"binary-expr","locations":[{"start":{"line":117,"column":24},"end":{"line":117,"column":46}},{"start":{"line":117,"column":50},"end":{"line":117,"column":87}}],"line":117}},"s":{"0":2,"1":2,"2":2,"3":2,"4":2,"5":2,"6":16,"7":7,"8":9,"9":2,"10":2,"11":3,"12":0,"13":2,"14":0,"15":9,"16":0,"17":9,"18":0,"19":0,"20":0,"21":9,"22":0,"23":0,"24":0,"25":9,"26":16},"f":{"0":16,"1":16},"b":{"0":[7,9],"1":[2,7],"2":[0,3],"3":[0,2],"4":[2,0],"5":[0,9],"6":[9,0],"7":[0,9],"8":[0,0],"9":[0,0,0],"10":[0,9],"11":[0,0],"12":[0,0,0],"13":[9,7],"14":[9,9],"15":[9,7],"16":[9,9],"17":[9,9],"18":[9,9],"19":[9,9],"20":[9,9],"21":[9,9],"22":[9,3],"23":[9,8],"24":[9,9],"25":[9,8],"26":[9,9]},"_coverageSchema":"1a1c01bbd47fc00a2c39e90264f33305004495a9","hash":"8adca9a49d9b185f220edaae642a4189387502e9"}
,"/Users/bquintian/Works/express-version-api/src/errors.ts": {"path":"/Users/bquintian/Works/express-version-api/src/errors.ts","statementMap":{"0":{"start":{"line":2,"column":0},"end":{"line":2,"column":62}},"1":{"start":{"line":3,"column":0},"end":{"line":3,"column":62}},"2":{"start":{"line":4,"column":0},"end":{"line":4,"column":64}},"3":{"start":{"line":5,"column":0},"end":{"line":5,"column":74}},"4":{"start":{"line":6,"column":0},"end":{"line":6,"column":62}},"5":{"start":{"line":7,"column":0},"end":{"line":7,"column":74}},"6":{"start":{"line":8,"column":0},"end":{"line":8,"column":46}},"7":{"start":{"line":9,"column":0},"end":{"line":9,"column":36}},"8":{"start":{"line":10,"column":19},"end":{"line":10,"column":40}},"9":{"start":{"line":18,"column":4},"end":{"line":21,"column":19}},"10":{"start":{"line":27,"column":4},"end":{"line":32,"column":19}},"11":{"start":{"line":38,"column":4},"end":{"line":42,"column":19}},"12":{"start":{"line":48,"column":4},"end":{"line":51,"column":12}},"13":{"start":{"line":57,"column":4},"end":{"line":60,"column":12}},"14":{"start":{"line":69,"column":4},"end":{"line":69,"column":55}},"15":{"start":{"line":75,"column":4},"end":{"line":75,"column":59}}},"fnMap":{"0":{"name":"createMissingVersionError","decl":{"start":{"line":17,"column":9},"end":{"line":17,"column":34}},"loc":{"start":{"line":17,"column":53},"end":{"line":22,"column":1}},"line":17},"1":{"name":"createVersionNotFoundError","decl":{"start":{"line":26,"column":9},"end":{"line":26,"column":35}},"loc":{"start":{"line":26,"column":91},"end":{"line":33,"column":1}},"line":26},"2":{"name":"createInvalidVersionFormatError","decl":{"start":{"line":37,"column":9},"end":{"line":37,"column":40}},"loc":{"start":{"line":37,"column":68},"end":{"line":43,"column":1}},"line":37},"3":{"name":"createInvalidHandlerError","decl":{"start":{"line":47,"column":9},"end":{"line":47,"column":34}},"loc":{"start":{"line":47,"column":48},"end":{"line":52,"column":1}},"line":47},"4":{"name":"createInvalidConfigurationError","decl":{"start":{"line":56,"column":9},"end":{"line":56,"column":40}},"loc":{"start":{"line":56,"column":49},"end":{"line":61,"column":1}},"line":56},"5":{"name":"isVersioningError","decl":{"start":{"line":68,"column":9},"end":{"line":68,"column":26}},"loc":{"start":{"line":68,"column":34},"end":{"line":70,"column":1}},"line":68},"6":{"name":"hasErrorCode","decl":{"start":{"line":74,"column":9},"end":{"line":74,"column":21}},"loc":{"start":{"line":74,"column":35},"end":{"line":76,"column":1}},"line":74}},"branchMap":{"0":{"loc":{"start":{"line":17,"column":35},"end":{"line":17,"column":51}},"type":"default-arg","locations":[{"start":{"line":17,"column":48},"end":{"line":17,"column":51}}],"line":17},"1":{"loc":{"start":{"line":26,"column":73},"end":{"line":26,"column":89}},"type":"default-arg","locations":[{"start":{"line":26,"column":86},"end":{"line":26,"column":89}}],"line":26},"2":{"loc":{"start":{"line":37,"column":50},"end":{"line":37,"column":66}},"type":"default-arg","locations":[{"start":{"line":37,"column":63},"end":{"line":37,"column":66}}],"line":37},"3":{"loc":{"start":{"line":75,"column":11},"end":{"line":75,"column":58}},"type":"binary-expr","locations":[{"start":{"line":75,"column":11},"end":{"line":75,"column":35}},{"start":{"line":75,"column":39},"end":{"line":75,"column":58}}],"line":75}},"s":{"0":2,"1":2,"2":2,"3":2,"4":2,"5":2,"6":2,"7":2,"8":2,"9":1,"10":2,"11":1,"12":0,"13":0,"14":0,"15":0},"f":{"0":1,"1":2,"2":1,"3":0,"4":0,"5":0,"6":0},"b":{"0":[0],"1":[0],"2":[1],"3":[0,0]},"_coverageSchema":"1a1c01bbd47fc00a2c39e90264f33305004495a9","hash":"9cb1e7f8f722b9657425d62398de5e57426ed4c2"}
,"/Users/bquintian/Works/express-version-api/src/handler-compiler.ts": {"path":"/Users/bquintian/Works/express-version-api/src/handler-compiler.ts","statementMap":{"0":{"start":{"line":2,"column":0},"end":{"line":2,"column":62}},"1":{"start":{"line":3,"column":0},"end":{"line":3,"column":42}},"2":{"start":{"line":4,"column":0},"end":{"line":4,"column":50}},"3":{"start":{"line":5,"column":0},"end":{"line":5,"column":46}},"4":{"start":{"line":6,"column":0},"end":{"line":6,"column":52}},"5":{"start":{"line":7,"column":28},"end":{"line":7,"column":58}},"6":{"start":{"line":8,"column":20},"end":{"line":8,"column":42}},"7":{"start":{"line":24,"column":22},"end":{"line":24,"column":29}},"8":{"start":{"line":25,"column":36},"end":{"line":25,"column":49}},"9":{"start":{"line":27,"column":25},"end":{"line":27,"column":66}},"10":{"start":{"line":28,"column":4},"end":{"line":35,"column":5}},"11":{"start":{"line":30,"column":12},"end":{"line":30,"column":48}},"12":{"start":{"line":32,"column":12},"end":{"line":32,"column":46}},"13":{"start":{"line":34,"column":12},"end":{"line":34,"column":32}},"14":{"start":{"line":55,"column":21},"end":{"line":55,"column":23}},"15":{"start":{"line":56,"column":4},"end":{"line":78,"column":5}},"16":{"start":{"line":58,"column":8},"end":{"line":60,"column":9}},"17":{"start":{"line":59,"column":12},"end":{"line":59,"column":96}},"18":{"start":{"line":62,"column":22},"end":{"line":62,"column":69}},"19":{"start":{"line":63,"column":8},"end":{"line":68,"column":9}},"20":{"start":{"line":64,"column":12},"end":{"line":66,"column":13}},"21":{"start":{"line":65,"column":16},"end":{"line":65,"column":137}},"22":{"start":{"line":67,"column":12},"end":{"line":67,"column":21}},"23":{"start":{"line":69,"column":32},"end":{"line":74,"column":9}},"24":{"start":{"line":76,"column":8},"end":{"line":76,"column":70}},"25":{"start":{"line":77,"column":8},"end":{"line":77,"column":39}},"26":{"start":{"line":80,"column":4},"end":{"line":80,"column":53}},"27":{"start":{"line":80,"column":28},"end":{"line":80,"column":51}},"28":{"start":{"line":81,"column":4},"end":{"line":81,"column":20}},"29":{"start":{"line":99,"column":4},"end":{"line":103,"column":5}},"30":{"start":{"line":100,"column":8},"end":{"line":102,"column":9}},"31":{"start":{"line":101,"column":12},"end":{"line":101,"column":27}},"32":{"start":{"line":104,"column":4},"end":{"line":104,"column":21}},"33":{"start":{"line":113,"column":4},"end":{"line":115,"column":5}},"34":{"start":{"line":114,"column":8},"end":{"line":114,"column":25}},"35":{"start":{"line":117,"column":4},"end":{"line":121,"column":5}},"36":{"start":{"line":118,"column":8},"end":{"line":120,"column":9}},"37":{"start":{"line":119,"column":12},"end":{"line":119,"column":29}},"38":{"start":{"line":122,"column":4},"end":{"line":122,"column":18}},"39":{"start":{"line":131,"column":4},"end":{"line":131,"column":46}},"40":{"start":{"line":131,"column":39},"end":{"line":131,"column":44}}},"fnMap":{"0":{"name":"calculatePriority","decl":{"start":{"line":23,"column":9},"end":{"line":23,"column":26}},"loc":{"start":{"line":23,"column":36},"end":{"line":36,"column":1}},"line":23},"1":{"name":"compileHandlers","decl":{"start":{"line":54,"column":9},"end":{"line":54,"column":24}},"loc":{"start":{"line":54,"column":52},"end":{"line":82,"column":1}},"line":54},"2":{"name":"(anonymous_2)","decl":{"start":{"line":80,"column":18},"end":{"line":80,"column":19}},"loc":{"start":{"line":80,"column":28},"end":{"line":80,"column":51}},"line":80},"3":{"name":"findMatchingHandler","decl":{"start":{"line":98,"column":9},"end":{"line":98,"column":28}},"loc":{"start":{"line":98,"column":62},"end":{"line":105,"column":1}},"line":98},"4":{"name":"findLatestHandler","decl":{"start":{"line":112,"column":9},"end":{"line":112,"column":26}},"loc":{"start":{"line":112,"column":45},"end":{"line":123,"column":1}},"line":112},"5":{"name":"getAvailableVersions","decl":{"start":{"line":130,"column":9},"end":{"line":130,"column":29}},"loc":{"start":{"line":130,"column":48},"end":{"line":132,"column":1}},"line":130},"6":{"name":"(anonymous_6)","decl":{"start":{"line":131,"column":32},"end":{"line":131,"column":33}},"loc":{"start":{"line":131,"column":39},"end":{"line":131,"column":44}},"line":131}},"branchMap":{"0":{"loc":{"start":{"line":28,"column":4},"end":{"line":35,"column":5}},"type":"switch","locations":[{"start":{"line":29,"column":8},"end":{"line":30,"column":48}},{"start":{"line":31,"column":8},"end":{"line":32,"column":46}},{"start":{"line":33,"column":8},"end":{"line":34,"column":32}}],"line":28},"1":{"loc":{"start":{"line":54,"column":35},"end":{"line":54,"column":50}},"type":"default-arg","locations":[{"start":{"line":54,"column":46},"end":{"line":54,"column":50}}],"line":54},"2":{"loc":{"start":{"line":58,"column":8},"end":{"line":60,"column":9}},"type":"if","locations":[{"start":{"line":58,"column":8},"end":{"line":60,"column":9}},{"start":{},"end":{}}],"line":58},"3":{"loc":{"start":{"line":58,"column":12},"end":{"line":58,"column":53}},"type":"binary-expr","locations":[{"start":{"line":58,"column":12},"end":{"line":58,"column":20}},{"start":{"line":58,"column":24},"end":{"line":58,"column":53}}],"line":58},"4":{"loc":{"start":{"line":63,"column":8},"end":{"line":68,"column":9}},"type":"if","locations":[{"start":{"line":63,"column":8},"end":{"line":68,"column":9}},{"start":{},"end":{}}],"line":63},"5":{"loc":{"start":{"line":64,"column":12},"end":{"line":66,"column":13}},"type":"if","locations":[{"start":{"line":64,"column":12},"end":{"line":66,"column":13}},{"start":{},"end":{}}],"line":64},"6":{"loc":{"start":{"line":100,"column":8},"end":{"line":102,"column":9}},"type":"if","locations":[{"start":{"line":100,"column":8},"end":{"line":102,"column":9}},{"start":{},"end":{}}],"line":100},"7":{"loc":{"start":{"line":113,"column":4},"end":{"line":115,"column":5}},"type":"if","locations":[{"start":{"line":113,"column":4},"end":{"line":115,"column":5}},{"start":{},"end":{}}],"line":113},"8":{"loc":{"start":{"line":118,"column":8},"end":{"line":120,"column":9}},"type":"if","locations":[{"start":{"line":118,"column":8},"end":{"line":120,"column":9}},{"start":{},"end":{}}],"line":118},"9":{"loc":{"start":{"line":118,"column":12},"end":{"line":118,"column":112}},"type":"binary-expr","locations":[{"start":{"line":118,"column":12},"end":{"line":118,"column":19}},{"start":{"line":118,"column":23},"end":{"line":118,"column":112}}],"line":118}},"s":{"0":2,"1":2,"2":2,"3":2,"4":2,"5":2,"6":2,"7":31,"8":31,"9":31,"10":31,"11":19,"12":2,"13":10,"14":16,"15":16,"16":31,"17":0,"18":31,"19":31,"20":0,"21":0,"22":0,"23":31,"24":31,"25":31,"26":16,"27":19,"28":16,"29":25014,"30":65023,"31":20010,"32":5004,"33":5001,"34":0,"35":5001,"36":10003,"37":5001,"38":5001,"39":16,"40":31},"f":{"0":31,"1":16,"2":19,"3":25014,"4":5001,"5":16,"6":31},"b":{"0":[19,2,10],"1":[0],"2":[0,31],"3":[31,31],"4":[0,31],"5":[0,0],"6":[20010,45013],"7":[0,5001],"8":[5001,5002],"9":[10003,5002]},"_coverageSchema":"1a1c01bbd47fc00a2c39e90264f33305004495a9","hash":"18771002d297497b86e70d03e8db341d6be64246"}
,"/Users/bquintian/Works/express-version-api/src/middleware.ts": {"path":"/Users/bquintian/Works/express-version-api/src/middleware.ts","statementMap":{"0":{"start":{"line":2,"column":0},"end":{"line":2,"column":62}},"1":{"start":{"line":3,"column":0},"end":{"line":3,"column":52}},"2":{"start":{"line":4,"column":0},"end":{"line":4,"column":58}},"3":{"start":{"line":5,"column":20},"end":{"line":5,"column":42}},"4":{"start":{"line":6,"column":31},"end":{"line":6,"column":64}},"5":{"start":{"line":7,"column":28},"end":{"line":7,"column":58}},"6":{"start":{"line":8,"column":30},"end":{"line":8,"column":62}},"7":{"start":{"line":9,"column":20},"end":{"line":9,"column":42}},"8":{"start":{"line":18,"column":4},"end":{"line":23,"column":5}},"9":{"start":{"line":19,"column":24},"end":{"line":19,"column":75}},"10":{"start":{"line":20,"column":8},"end":{"line":22,"column":9}},"11":{"start":{"line":21,"column":12},"end":{"line":21,"column":19}},"12":{"start":{"line":25,"column":21},"end":{"line":28,"column":5}},"13":{"start":{"line":29,"column":4},"end":{"line":31,"column":5}},"14":{"start":{"line":30,"column":8},"end":{"line":30,"column":62}},"15":{"start":{"line":32,"column":4},"end":{"line":34,"column":5}},"16":{"start":{"line":33,"column":8},"end":{"line":33,"column":64}},"17":{"start":{"line":35,"column":4},"end":{"line":35,"column":48}},"18":{"start":{"line":41,"column":20},"end":{"line":41,"column":63}},"19":{"start":{"line":42,"column":4},"end":{"line":44,"column":5}},"20":{"start":{"line":43,"column":8},"end":{"line":43,"column":32}},"21":{"start":{"line":45,"column":4},"end":{"line":45,"column":19}},"22":{"start":{"line":87,"column":4},"end":{"line":89,"column":5}},"23":{"start":{"line":88,"column":8},"end":{"line":88,"column":114}},"24":{"start":{"line":91,"column":19},"end":{"line":91,"column":89}},"25":{"start":{"line":93,"column":29},"end":{"line":93,"column":106}},"26":{"start":{"line":95,"column":4},"end":{"line":97,"column":5}},"27":{"start":{"line":96,"column":8},"end":{"line":96,"column":128}},"28":{"start":{"line":99,"column":27},"end":{"line":99,"column":85}},"29":{"start":{"line":101,"column":30},"end":{"line":101,"column":95}},"30":{"start":{"line":103,"column":4},"end":{"line":142,"column":6}},"31":{"start":{"line":105,"column":27},"end":{"line":105,"column":46}},"32":{"start":{"line":107,"column":8},"end":{"line":116,"column":9}},"33":{"start":{"line":108,"column":12},"end":{"line":112,"column":13}},"34":{"start":{"line":110,"column":16},"end":{"line":110,"column":103}},"35":{"start":{"line":111,"column":16},"end":{"line":111,"column":23}},"36":{"start":{"line":113,"column":26},"end":{"line":113,"column":111}},"37":{"start":{"line":114,"column":12},"end":{"line":114,"column":61}},"38":{"start":{"line":115,"column":12},"end":{"line":115,"column":19}},"39":{"start":{"line":117,"column":51},"end":{"line":117,"column":61}},"40":{"start":{"line":119,"column":30},"end":{"line":119,"column":82}},"41":{"start":{"line":120,"column":8},"end":{"line":124,"column":9}},"42":{"start":{"line":121,"column":26},"end":{"line":121,"column":89}},"43":{"start":{"line":122,"column":12},"end":{"line":122,"column":61}},"44":{"start":{"line":123,"column":12},"end":{"line":123,"column":19}},"45":{"start":{"line":126,"column":31},"end":{"line":126,"column":110}},"46":{"start":{"line":127,"column":8},"end":{"line":139,"column":9}},"47":{"start":{"line":129,"column":12},"end":{"line":135,"column":13}},"48":{"start":{"line":130,"column":16},"end":{"line":134,"column":18}},"49":{"start":{"line":137,"column":12},"end":{"line":137,"column":59}},"50":{"start":{"line":138,"column":12},"end":{"line":138,"column":19}},"51":{"start":{"line":141,"column":8},"end":{"line":141,"column":99}},"52":{"start":{"line":151,"column":4},"end":{"line":211,"column":5}},"53":{"start":{"line":154,"column":26},"end":{"line":154,"column":163}},"54":{"start":{"line":155,"column":12},"end":{"line":155,"column":93}},"55":{"start":{"line":156,"column":12},"end":{"line":156,"column":61}},"56":{"start":{"line":157,"column":12},"end":{"line":157,"column":18}},"57":{"start":{"line":161,"column":34},"end":{"line":161,"column":96}},"58":{"start":{"line":162,"column":12},"end":{"line":176,"column":13}},"59":{"start":{"line":163,"column":16},"end":{"line":169,"column":17}},"60":{"start":{"line":164,"column":20},"end":{"line":168,"column":22}},"61":{"start":{"line":170,"column":16},"end":{"line":170,"column":62}},"62":{"start":{"line":174,"column":30},"end":{"line":174,"column":167}},"63":{"start":{"line":175,"column":16},"end":{"line":175,"column":65}},"64":{"start":{"line":177,"column":12},"end":{"line":177,"column":18}},"65":{"start":{"line":181,"column":12},"end":{"line":208,"column":13}},"66":{"start":{"line":182,"column":16},"end":{"line":188,"column":17}},"67":{"start":{"line":183,"column":20},"end":{"line":187,"column":22}},"68":{"start":{"line":189,"column":16},"end":{"line":189,"column":76}},"69":{"start":{"line":193,"column":38},"end":{"line":193,"column":100}},"70":{"start":{"line":194,"column":16},"end":{"line":207,"column":17}},"71":{"start":{"line":195,"column":20},"end":{"line":201,"column":21}},"72":{"start":{"line":196,"column":24},"end":{"line":200,"column":26}},"73":{"start":{"line":202,"column":20},"end":{"line":202,"column":66}},"74":{"start":{"line":205,"column":34},"end":{"line":205,"column":171}},"75":{"start":{"line":206,"column":20},"end":{"line":206,"column":69}},"76":{"start":{"line":209,"column":12},"end":{"line":209,"column":18}},"77":{"start":{"line":217,"column":4},"end":{"line":228,"column":5}},"78":{"start":{"line":218,"column":23},"end":{"line":218,"column":54}},"79":{"start":{"line":220,"column":8},"end":{"line":224,"column":9}},"80":{"start":{"line":221,"column":12},"end":{"line":223,"column":15}},"81":{"start":{"line":222,"column":16},"end":{"line":222,"column":28}},"82":{"start":{"line":227,"column":8},"end":{"line":227,"column":20}},"83":{"start":{"line":259,"column":20},"end":{"line":262,"column":5}},"84":{"start":{"line":263,"column":4},"end":{"line":263,"column":51}}},"fnMap":{"0":{"name":"sendErrorResponse","decl":{"start":{"line":16,"column":9},"end":{"line":16,"column":26}},"loc":{"start":{"line":16,"column":58},"end":{"line":36,"column":1}},"line":16},"1":{"name":"getVersionNotFoundMessage","decl":{"start":{"line":40,"column":9},"end":{"line":40,"column":34}},"loc":{"start":{"line":40,"column":52},"end":{"line":46,"column":1}},"line":40},"2":{"name":"versioningMiddleware","decl":{"start":{"line":85,"column":9},"end":{"line":85,"column":29}},"loc":{"start":{"line":85,"column":49},"end":{"line":143,"column":1}},"line":85},"3":{"name":"(anonymous_3)","decl":{"start":{"line":103,"column":11},"end":{"line":103,"column":12}},"loc":{"start":{"line":103,"column":31},"end":{"line":142,"column":5}},"line":103},"4":{"name":"handleFallback","decl":{"start":{"line":150,"column":9},"end":{"line":150,"column":23}},"loc":{"start":{"line":150,"column":103},"end":{"line":212,"column":1}},"line":150},"5":{"name":"executeHandler","decl":{"start":{"line":216,"column":9},"end":{"line":216,"column":23}},"loc":{"start":{"line":216,"column":49},"end":{"line":229,"column":1}},"line":216},"6":{"name":"(anonymous_6)","decl":{"start":{"line":221,"column":25},"end":{"line":221,"column":26}},"loc":{"start":{"line":221,"column":36},"end":{"line":223,"column":13}},"line":221},"7":{"name":"createVersionMiddleware","decl":{"start":{"line":258,"column":9},"end":{"line":258,"column":32}},"loc":{"start":{"line":258,"column":59},"end":{"line":264,"column":1}},"line":258}},"branchMap":{"0":{"loc":{"start":{"line":18,"column":4},"end":{"line":23,"column":5}},"type":"if","locations":[{"start":{"line":18,"column":4},"end":{"line":23,"column":5}},{"start":{},"end":{}}],"line":18},"1":{"loc":{"start":{"line":20,"column":8},"end":{"line":22,"column":9}},"type":"if","locations":[{"start":{"line":20,"column":8},"end":{"line":22,"column":9}},{"start":{},"end":{}}],"line":20},"2":{"loc":{"start":{"line":29,"column":4},"end":{"line":31,"column":5}},"type":"if","locations":[{"start":{"line":29,"column":4},"end":{"line":31,"column":5}},{"start":{},"end":{}}],"line":29},"3":{"loc":{"start":{"line":29,"column":8},"end":{"line":29,"column":78}},"type":"binary-expr","locations":[{"start":{"line":29,"column":8},"end":{"line":29,"column":52}},{"start":{"line":29,"column":56},"end":{"line":29,"column":78}}],"line":29},"4":{"loc":{"start":{"line":32,"column":4},"end":{"line":34,"column":5}},"type":"if","locations":[{"start":{"line":32,"column":4},"end":{"line":34,"column":5}},{"start":{},"end":{}}],"line":32},"5":{"loc":{"start":{"line":32,"column":8},"end":{"line":32,"column":69}},"type":"binary-expr","locations":[{"start":{"line":32,"column":8},"end":{"line":32,"column":31}},{"start":{"line":32,"column":35},"end":{"line":32,"column":69}}],"line":32},"6":{"loc":{"start":{"line":42,"column":4},"end":{"line":44,"column":5}},"type":"if","locations":[{"start":{"line":42,"column":4},"end":{"line":44,"column":5}},{"start":{},"end":{}}],"line":42},"7":{"loc":{"start":{"line":87,"column":4},"end":{"line":89,"column":5}},"type":"if","locations":[{"start":{"line":87,"column":4},"end":{"line":89,"column":5}},{"start":{},"end":{}}],"line":87},"8":{"loc":{"start":{"line":95,"column":4},"end":{"line":97,"column":5}},"type":"if","locations":[{"start":{"line":95,"column":4},"end":{"line":97,"column":5}},{"start":{},"end":{}}],"line":95},"9":{"loc":{"start":{"line":107,"column":8},"end":{"line":116,"column":9}},"type":"if","locations":[{"start":{"line":107,"column":8},"end":{"line":116,"column":9}},{"start":{},"end":{}}],"line":107},"10":{"loc":{"start":{"line":108,"column":12},"end":{"line":112,"column":13}},"type":"if","locations":[{"start":{"line":108,"column":12},"end":{"line":112,"column":13}},{"start":{},"end":{}}],"line":108},"11":{"loc":{"start":{"line":120,"column":8},"end":{"line":124,"column":9}},"type":"if","locations":[{"start":{"line":120,"column":8},"end":{"line":124,"column":9}},{"start":{},"end":{}}],"line":120},"12":{"loc":{"start":{"line":127,"column":8},"end":{"line":139,"column":9}},"type":"if","locations":[{"start":{"line":127,"column":8},"end":{"line":139,"column":9}},{"start":{},"end":{}}],"line":127},"13":{"loc":{"start":{"line":129,"column":12},"end":{"line":135,"column":13}},"type":"if","locations":[{"start":{"line":129,"column":12},"end":{"line":135,"column":13}},{"start":{},"end":{}}],"line":129},"14":{"loc":{"start":{"line":151,"column":4},"end":{"line":211,"column":5}},"type":"switch","locations":[{"start":{"line":152,"column":8},"end":{"line":158,"column":9}},{"start":{"line":159,"column":8},"end":{"line":178,"column":9}},{"start":{"line":179,"column":8},"end":{"line":210,"column":9}}],"line":151},"15":{"loc":{"start":{"line":154,"column":70},"end":{"line":154,"column":99}},"type":"binary-expr","locations":[{"start":{"line":154,"column":70},"end":{"line":154,"column":86}},{"start":{"line":154,"column":90},"end":{"line":154,"column":99}}],"line":154},"16":{"loc":{"start":{"line":155,"column":54},"end":{"line":155,"column":83}},"type":"binary-expr","locations":[{"start":{"line":155,"column":54},"end":{"line":155,"column":70}},{"start":{"line":155,"column":74},"end":{"line":155,"column":83}}],"line":155},"17":{"loc":{"start":{"line":162,"column":12},"end":{"line":176,"column":13}},"type":"if","locations":[{"start":{"line":162,"column":12},"end":{"line":176,"column":13}},{"start":{"line":172,"column":17},"end":{"line":176,"column":13}}],"line":162},"18":{"loc":{"start":{"line":163,"column":16},"end":{"line":169,"column":17}},"type":"if","locations":[{"start":{"line":163,"column":16},"end":{"line":169,"column":17}},{"start":{},"end":{}}],"line":163},"19":{"loc":{"start":{"line":163,"column":20},"end":{"line":163,"column":64}},"type":"binary-expr","locations":[{"start":{"line":163,"column":20},"end":{"line":163,"column":44}},{"start":{"line":163,"column":48},"end":{"line":163,"column":64}}],"line":163},"20":{"loc":{"start":{"line":174,"column":74},"end":{"line":174,"column":103}},"type":"binary-expr","locations":[{"start":{"line":174,"column":74},"end":{"line":174,"column":90}},{"start":{"line":174,"column":94},"end":{"line":174,"column":103}}],"line":174},"21":{"loc":{"start":{"line":181,"column":12},"end":{"line":208,"column":13}},"type":"if","locations":[{"start":{"line":181,"column":12},"end":{"line":208,"column":13}},{"start":{"line":191,"column":17},"end":{"line":208,"column":13}}],"line":181},"22":{"loc":{"start":{"line":182,"column":16},"end":{"line":188,"column":17}},"type":"if","locations":[{"start":{"line":182,"column":16},"end":{"line":188,"column":17}},{"start":{},"end":{}}],"line":182},"23":{"loc":{"start":{"line":182,"column":20},"end":{"line":182,"column":64}},"type":"binary-expr","locations":[{"start":{"line":182,"column":20},"end":{"line":182,"column":44}},{"start":{"line":182,"column":48},"end":{"line":182,"column":64}}],"line":182},"24":{"loc":{"start":{"line":194,"column":16},"end":{"line":207,"column":17}},"type":"if","locations":[{"start":{"line":194,"column":16},"end":{"line":207,"column":17}},{"start":{"line":204,"column":21},"end":{"line":207,"column":17}}],"line":194},"25":{"loc":{"start":{"line":195,"column":20},"end":{"line":201,"column":21}},"type":"if","locations":[{"start":{"line":195,"column":20},"end":{"line":201,"column":21}},{"start":{},"end":{}}],"line":195},"26":{"loc":{"start":{"line":195,"column":24},"end":{"line":195,"column":68}},"type":"binary-expr","locations":[{"start":{"line":195,"column":24},"end":{"line":195,"column":48}},{"start":{"line":195,"column":52},"end":{"line":195,"column":68}}],"line":195},"27":{"loc":{"start":{"line":205,"column":78},"end":{"line":205,"column":107}},"type":"binary-expr","locations":[{"start":{"line":205,"column":78},"end":{"line":205,"column":94}},{"start":{"line":205,"column":98},"end":{"line":205,"column":107}}],"line":205},"28":{"loc":{"start":{"line":220,"column":8},"end":{"line":224,"column":9}},"type":"if","locations":[{"start":{"line":220,"column":8},"end":{"line":224,"column":9}},{"start":{},"end":{}}],"line":220},"29":{"loc":{"start":{"line":261,"column":12},"end":{"line":261,"column":48}},"type":"binary-expr","locations":[{"start":{"line":261,"column":12},"end":{"line":261,"column":26}},{"start":{"line":261,"column":30},"end":{"line":261,"column":48}}],"line":261}},"s":{"0":2,"1":2,"2":2,"3":2,"4":2,"5":2,"6":2,"7":2,"8":4,"9":0,"10":0,"11":0,"12":4,"13":4,"14":3,"15":4,"16":2,"17":4,"18":2,"19":2,"20":0,"21":2,"22":16,"23":0,"24":16,"25":16,"26":16,"27":0,"28":16,"29":16,"30":16,"31":25016,"32":25016,"33":1,"34":0,"35":0,"36":1,"37":1,"38":1,"39":25015,"40":25015,"41":25015,"42":1,"43":1,"44":1,"45":25014,"46":25014,"47":20010,"48":20010,"49":20010,"50":20010,"51":5004,"52":5004,"53":2,"54":2,"55":2,"56":2,"57":5001,"58":5001,"59":5001,"60":5001,"61":5001,"62":0,"63":0,"64":5001,"65":1,"66":1,"67":1,"68":1,"69":0,"70":0,"71":0,"72":0,"73":0,"74":0,"75":0,"76":1,"77":25011,"78":25011,"79":25011,"80":0,"81":0,"82":0,"83":1,"84":1},"f":{"0":4,"1":2,"2":16,"3":25016,"4":5004,"5":25011,"6":0,"7":1},"b":{"0":[0,4],"1":[0,0],"2":[3,1],"3":[4,4],"4":[2,2],"5":[4,2],"6":[0,2],"7":[0,16],"8":[0,16],"9":[1,25015],"10":[0,1],"11":[1,25014],"12":[20010,5004],"13":[20010,0],"14":[2,5001,1],"15":[2,0],"16":[2,0],"17":[5001,0],"18":[5001,0],"19":[5001,5001],"20":[0,0],"21":[1,0],"22":[1,0],"23":[1,1],"24":[0,0],"25":[0,0],"26":[0,0],"27":[0,0],"28":[0,25011],"29":[1,0]},"_coverageSchema":"1a1c01bbd47fc00a2c39e90264f33305004495a9","hash":"b10d54c07206e4e9e7ad4b8e0b654a6312a01f47"}
,"/Users/bquintian/Works/express-version-api/src/types.ts": {"path":"/Users/bquintian/Works/express-version-api/src/types.ts","statementMap":{"0":{"start":{"line":2,"column":0},"end":{"line":2,"column":62}},"1":{"start":{"line":3,"column":0},"end":{"line":3,"column":33}},"2":{"start":{"line":13,"column":8},"end":{"line":13,"column":31}},"3":{"start":{"line":14,"column":8},"end":{"line":14,"column":38}},"4":{"start":{"line":15,"column":8},"end":{"line":15,"column":33}},"5":{"start":{"line":16,"column":8},"end":{"line":16,"column":57}},"6":{"start":{"line":17,"column":8},"end":{"line":17,"column":59}},"7":{"start":{"line":18,"column":8},"end":{"line":18,"column":37}},"8":{"start":{"line":20,"column":8},"end":{"line":20,"column":55}},"9":{"start":{"line":26,"column":8},"end":{"line":32,"column":10}},"10":{"start":{"line":35,"column":0},"end":{"line":35,"column":42}}},"fnMap":{"0":{"name":"(anonymous_0)","decl":{"start":{"line":12,"column":4},"end":{"line":12,"column":5}},"loc":{"start":{"line":12,"column":43},"end":{"line":21,"column":5}},"line":12},"1":{"name":"(anonymous_1)","decl":{"start":{"line":25,"column":4},"end":{"line":25,"column":5}},"loc":{"start":{"line":25,"column":13},"end":{"line":33,"column":5}},"line":25}},"branchMap":{"0":{"loc":{"start":{"line":12,"column":25},"end":{"line":12,"column":41}},"type":"default-arg","locations":[{"start":{"line":12,"column":38},"end":{"line":12,"column":41}}],"line":12},"1":{"loc":{"start":{"line":30,"column":16},"end":{"line":30,"column":98}},"type":"binary-expr","locations":[{"start":{"line":30,"column":16},"end":{"line":30,"column":51}},{"start":{"line":30,"column":55},"end":{"line":30,"column":98}}],"line":30},"2":{"loc":{"start":{"line":31,"column":16},"end":{"line":31,"column":101}},"type":"binary-expr","locations":[{"start":{"line":31,"column":16},"end":{"line":31,"column":52}},{"start":{"line":31,"column":56},"end":{"line":31,"column":101}}],"line":31}},"s":{"0":2,"1":2,"2":4,"3":4,"4":4,"5":4,"6":4,"7":4,"8":4,"9":0,"10":2},"f":{"0":4,"1":0},"b":{"0":[0],"1":[0,0],"2":[0,0]},"_coverageSchema":"1a1c01bbd47fc00a2c39e90264f33305004495a9","hash":"6bb7fa21dc916b46ed456eb9668eb6c41966eeb7"}
,"/Users/bquintian/Works/express-version-api/src/version-extractor.ts": {"path":"/Users/bquintian/Works/express-version-api/src/version-extractor.ts","statementMap":{"0":{"start":{"line":2,"column":0},"end":{"line":2,"column":62}},"1":{"start":{"line":3,"column":0},"end":{"line":3,"column":56}},"2":{"start":{"line":4,"column":0},"end":{"line":4,"column":58}},"3":{"start":{"line":16,"column":18},"end":{"line":16,"column":55}},"4":{"start":{"line":17,"column":4},"end":{"line":19,"column":5}},"5":{"start":{"line":18,"column":8},"end":{"line":18,"column":28}},"6":{"start":{"line":21,"column":4},"end":{"line":23,"column":5}},"7":{"start":{"line":22,"column":8},"end":{"line":22,"column":31}},"8":{"start":{"line":24,"column":4},"end":{"line":24,"column":21}},"9":{"start":{"line":34,"column":18},"end":{"line":34,"column":38}},"10":{"start":{"line":35,"column":4},"end":{"line":37,"column":5}},"11":{"start":{"line":36,"column":8},"end":{"line":36,"column":28}},"12":{"start":{"line":38,"column":4},"end":{"line":38,"column":21}},"13":{"start":{"line":48,"column":17},"end":{"line":48,"column":36}},"14":{"start":{"line":49,"column":18},"end":{"line":49,"column":36}},"15":{"start":{"line":50,"column":4},"end":{"line":52,"column":5}},"16":{"start":{"line":51,"column":8},"end":{"line":51,"column":31}},"17":{"start":{"line":53,"column":4},"end":{"line":53,"column":21}},"18":{"start":{"line":62,"column":4},"end":{"line":64,"column":5}},"19":{"start":{"line":63,"column":8},"end":{"line":63,"column":34}},"20":{"start":{"line":65,"column":4},"end":{"line":65,"column":21}},"21":{"start":{"line":77,"column":53},"end":{"line":77,"column":70}},"22":{"start":{"line":78,"column":4},"end":{"line":106,"column":6}},"23":{"start":{"line":80,"column":31},"end":{"line":80,"column":54}},"24":{"start":{"line":81,"column":8},"end":{"line":83,"column":9}},"25":{"start":{"line":82,"column":12},"end":{"line":82,"column":65}},"26":{"start":{"line":85,"column":8},"end":{"line":104,"column":9}},"27":{"start":{"line":87,"column":12},"end":{"line":100,"column":13}},"28":{"start":{"line":89,"column":20},"end":{"line":89,"column":66}},"29":{"start":{"line":90,"column":20},"end":{"line":90,"column":26}},"30":{"start":{"line":92,"column":20},"end":{"line":92,"column":64}},"31":{"start":{"line":93,"column":20},"end":{"line":93,"column":26}},"32":{"start":{"line":95,"column":20},"end":{"line":95,"column":65}},"33":{"start":{"line":96,"column":20},"end":{"line":96,"column":26}},"34":{"start":{"line":98,"column":20},"end":{"line":98,"column":44}},"35":{"start":{"line":99,"column":20},"end":{"line":99,"column":26}},"36":{"start":{"line":101,"column":12},"end":{"line":103,"column":13}},"37":{"start":{"line":102,"column":16},"end":{"line":102,"column":43}},"38":{"start":{"line":105,"column":8},"end":{"line":105,"column":25}},"39":{"start":{"line":117,"column":27},"end":{"line":117,"column":50}},"40":{"start":{"line":118,"column":4},"end":{"line":120,"column":5}},"41":{"start":{"line":119,"column":8},"end":{"line":119,"column":61}},"42":{"start":{"line":122,"column":26},"end":{"line":122,"column":66}},"43":{"start":{"line":123,"column":4},"end":{"line":125,"column":5}},"44":{"start":{"line":124,"column":8},"end":{"line":124,"column":60}},"45":{"start":{"line":127,"column":25},"end":{"line":127,"column":51}},"46":{"start":{"line":128,"column":4},"end":{"line":130,"column":5}},"47":{"start":{"line":129,"column":8},"end":{"line":129,"column":58}},"48":{"start":{"line":131,"column":4},"end":{"line":131,"column":21}}},"fnMap":{"0":{"name":"extractFromHeader","decl":{"start":{"line":15,"column":9},"end":{"line":15,"column":26}},"loc":{"start":{"line":15,"column":44},"end":{"line":25,"column":1}},"line":15},"1":{"name":"extractFromQuery","decl":{"start":{"line":33,"column":9},"end":{"line":33,"column":25}},"loc":{"start":{"line":33,"column":42},"end":{"line":39,"column":1}},"line":33},"2":{"name":"extractFromPath","decl":{"start":{"line":47,"column":9},"end":{"line":47,"column":24}},"loc":{"start":{"line":47,"column":39},"end":{"line":54,"column":1}},"line":47},"3":{"name":"extractFromRequest","decl":{"start":{"line":61,"column":9},"end":{"line":61,"column":27}},"loc":{"start":{"line":61,"column":33},"end":{"line":66,"column":1}},"line":61},"4":{"name":"createVersionExtractor","decl":{"start":{"line":76,"column":9},"end":{"line":76,"column":31}},"loc":{"start":{"line":76,"column":40},"end":{"line":107,"column":1}},"line":76},"5":{"name":"(anonymous_5)","decl":{"start":{"line":78,"column":11},"end":{"line":78,"column":12}},"loc":{"start":{"line":78,"column":20},"end":{"line":106,"column":5}},"line":78},"6":{"name":"defaultVersionExtractor","decl":{"start":{"line":115,"column":9},"end":{"line":115,"column":32}},"loc":{"start":{"line":115,"column":38},"end":{"line":132,"column":1}},"line":115}},"branchMap":{"0":{"loc":{"start":{"line":17,"column":4},"end":{"line":19,"column":5}},"type":"if","locations":[{"start":{"line":17,"column":4},"end":{"line":19,"column":5}},{"start":{},"end":{}}],"line":17},"1":{"loc":{"start":{"line":17,"column":8},"end":{"line":17,"column":60}},"type":"binary-expr","locations":[{"start":{"line":17,"column":8},"end":{"line":17,"column":33}},{"start":{"line":17,"column":37},"end":{"line":17,"column":60}}],"line":17},"2":{"loc":{"start":{"line":21,"column":4},"end":{"line":23,"column":5}},"type":"if","locations":[{"start":{"line":21,"column":4},"end":{"line":23,"column":5}},{"start":{},"end":{}}],"line":21},"3":{"loc":{"start":{"line":21,"column":8},"end":{"line":21,"column":60}},"type":"binary-expr","locations":[{"start":{"line":21,"column":8},"end":{"line":21,"column":28}},{"start":{"line":21,"column":32},"end":{"line":21,"column":48}},{"start":{"line":21,"column":52},"end":{"line":21,"column":60}}],"line":21},"4":{"loc":{"start":{"line":35,"column":4},"end":{"line":37,"column":5}},"type":"if","locations":[{"start":{"line":35,"column":4},"end":{"line":37,"column":5}},{"start":{},"end":{}}],"line":35},"5":{"loc":{"start":{"line":35,"column":8},"end":{"line":35,"column":60}},"type":"binary-expr","locations":[{"start":{"line":35,"column":8},"end":{"line":35,"column":33}},{"start":{"line":35,"column":37},"end":{"line":35,"column":60}}],"line":35},"6":{"loc":{"start":{"line":48,"column":17},"end":{"line":48,"column":36}},"type":"binary-expr","locations":[{"start":{"line":48,"column":17},"end":{"line":48,"column":25}},{"start":{"line":48,"column":29},"end":{"line":48,"column":36}}],"line":48},"7":{"loc":{"start":{"line":50,"column":4},"end":{"line":52,"column":5}},"type":"if","locations":[{"start":{"line":50,"column":4},"end":{"line":52,"column":5}},{"start":{},"end":{}}],"line":50},"8":{"loc":{"start":{"line":62,"column":4},"end":{"line":64,"column":5}},"type":"if","locations":[{"start":{"line":62,"column":4},"end":{"line":64,"column":5}},{"start":{},"end":{}}],"line":62},"9":{"loc":{"start":{"line":62,"column":8},"end":{"line":62,"column":72}},"type":"binary-expr","locations":[{"start":{"line":62,"column":8},"end":{"line":62,"column":39}},{"start":{"line":62,"column":43},"end":{"line":62,"column":72}}],"line":62},"10":{"loc":{"start":{"line":81,"column":8},"end":{"line":83,"column":9}},"type":"if","locations":[{"start":{"line":81,"column":8},"end":{"line":83,"column":9}},{"start":{},"end":{}}],"line":81},"11":{"loc":{"start":{"line":87,"column":12},"end":{"line":100,"column":13}},"type":"switch","locations":[{"start":{"line":88,"column":16},"end":{"line":90,"column":26}},{"start":{"line":91,"column":16},"end":{"line":93,"column":26}},{"start":{"line":94,"column":16},"end":{"line":96,"column":26}},{"start":{"line":97,"column":16},"end":{"line":99,"column":26}}],"line":87},"12":{"loc":{"start":{"line":101,"column":12},"end":{"line":103,"column":13}},"type":"if","locations":[{"start":{"line":101,"column":12},"end":{"line":103,"column":13}},{"start":{},"end":{}}],"line":101},"13":{"loc":{"start":{"line":118,"column":4},"end":{"line":120,"column":5}},"type":"if","locations":[{"start":{"line":118,"column":4},"end":{"line":120,"column":5}},{"start":{},"end":{}}],"line":118},"14":{"loc":{"start":{"line":123,"column":4},"end":{"line":125,"column":5}},"type":"if","locations":[{"start":{"line":123,"column":4},"end":{"line":125,"column":5}},{"start":{},"end":{}}],"line":123},"15":{"loc":{"start":{"line":128,"column":4},"end":{"line":130,"column":5}},"type":"if","locations":[{"start":{"line":128,"column":4},"end":{"line":130,"column":5}},{"start":{},"end":{}}],"line":128}},"s":{"0":2,"1":2,"2":2,"3":25015,"4":25015,"5":25013,"6":2,"7":0,"8":2,"9":3,"10":3,"11":2,"12":1,"13":0,"14":0,"15":0,"16":0,"17":0,"18":25016,"19":0,"20":25016,"21":16,"22":16,"23":25016,"24":25016,"25":0,"26":25016,"27":25018,"28":25015,"29":25015,"30":3,"31":3,"32":0,"33":0,"34":0,"35":0,"36":25018,"37":25015,"38":1,"39":0,"40":0,"41":0,"42":0,"43":0,"44":0,"45":0,"46":0,"47":0,"48":0},"f":{"0":25015,"1":3,"2":0,"3":25016,"4":16,"5":25016,"6":0},"b":{"0":[25013,2],"1":[25015,25013],"2":[0,2],"3":[2,0,0],"4":[2,1],"5":[3,2],"6":[0,0],"7":[0,0],"8":[0,25016],"9":[25016,0],"10":[0,25016],"11":[25015,3,0,0],"12":[25015,3],"13":[0,0],"14":[0,0],"15":[0,0]},"_coverageSchema":"1a1c01bbd47fc00a2c39e90264f33305004495a9","hash":"e051e0f30af2c34722dd3efe97ccbe9da71b0f66"}
,"/Users/bquintian/Works/express-version-api/src/version-parser.ts": {"path":"/Users/bquintian/Works/express-version-api/src/version-parser.ts","statementMap":{"0":{"start":{"line":2,"column":0},"end":{"line":2,"column":62}},"1":{"start":{"line":3,"column":0},"end":{"line":3,"column":36}},"2":{"start":{"line":4,"column":0},"end":{"line":4,"column":46}},"3":{"start":{"line":5,"column":0},"end":{"line":5,"column":44}},"4":{"start":{"line":6,"column":0},"end":{"line":6,"column":42}},"5":{"start":{"line":7,"column":0},"end":{"line":7,"column":46}},"6":{"start":{"line":8,"column":0},"end":{"line":8,"column":40}},"7":{"start":{"line":9,"column":0},"end":{"line":9,"column":50}},"8":{"start":{"line":10,"column":0},"end":{"line":10,"column":44}},"9":{"start":{"line":18,"column":22},"end":{"line":18,"column":62}},"10":{"start":{"line":37,"column":20},"end":{"line":37,"column":34}},"11":{"start":{"line":38,"column":18},"end":{"line":38,"column":45}},"12":{"start":{"line":39,"column":4},"end":{"line":41,"column":5}},"13":{"start":{"line":40,"column":8},"end":{"line":40,"column":20}},"14":{"start":{"line":42,"column":47},"end":{"line":42,"column":52}},"15":{"start":{"line":43,"column":18},"end":{"line":43,"column":47}},"16":{"start":{"line":44,"column":18},"end":{"line":44,"column":47}},"17":{"start":{"line":45,"column":18},"end":{"line":45,"column":47}},"18":{"start":{"line":47,"column":4},"end":{"line":49,"column":5}},"19":{"start":{"line":48,"column":8},"end":{"line":48,"column":20}},"20":{"start":{"line":51,"column":4},"end":{"line":53,"column":5}},"21":{"start":{"line":52,"column":8},"end":{"line":52,"column":20}},"22":{"start":{"line":54,"column":4},"end":{"line":59,"column":6}},"23":{"start":{"line":75,"column":20},"end":{"line":75,"column":32}},"24":{"start":{"line":76,"column":18},"end":{"line":76,"column":45}},"25":{"start":{"line":77,"column":4},"end":{"line":79,"column":5}},"26":{"start":{"line":78,"column":8},"end":{"line":78,"column":20}},"27":{"start":{"line":80,"column":53},"end":{"line":80,"column":58}},"28":{"start":{"line":81,"column":18},"end":{"line":81,"column":47}},"29":{"start":{"line":82,"column":18},"end":{"line":82,"column":47}},"30":{"start":{"line":83,"column":18},"end":{"line":83,"column":47}},"31":{"start":{"line":84,"column":4},"end":{"line":86,"column":5}},"32":{"start":{"line":85,"column":8},"end":{"line":85,"column":20}},"33":{"start":{"line":88,"column":4},"end":{"line":96,"column":5}},"34":{"start":{"line":89,"column":8},"end":{"line":89,"column":23}},"35":{"start":{"line":91,"column":9},"end":{"line":96,"column":5}},"36":{"start":{"line":92,"column":8},"end":{"line":92,"column":23}},"37":{"start":{"line":95,"column":8},"end":{"line":95,"column":23}},"38":{"start":{"line":97,"column":4},"end":{"line":101,"column":6}},"39":{"start":{"line":129,"column":60},"end":{"line":129,"column":73}},"40":{"start":{"line":130,"column":60},"end":{"line":130,"column":73}},"41":{"start":{"line":131,"column":4},"end":{"line":159,"column":5}},"42":{"start":{"line":134,"column":12},"end":{"line":136,"column":13}},"43":{"start":{"line":135,"column":16},"end":{"line":135,"column":29}},"44":{"start":{"line":138,"column":12},"end":{"line":140,"column":13}},"45":{"start":{"line":139,"column":16},"end":{"line":139,"column":29}},"46":{"start":{"line":142,"column":12},"end":{"line":144,"column":13}},"47":{"start":{"line":143,"column":16},"end":{"line":143,"column":29}},"48":{"start":{"line":145,"column":12},"end":{"line":145,"column":24}},"49":{"start":{"line":149,"column":12},"end":{"line":151,"column":13}},"50":{"start":{"line":150,"column":16},"end":{"line":150,"column":29}},"51":{"start":{"line":153,"column":12},"end":{"line":153,"column":36}},"52":{"start":{"line":157,"column":12},"end":{"line":157,"column":79}},"53":{"start":{"line":172,"column":4},"end":{"line":174,"column":5}},"54":{"start":{"line":173,"column":8},"end":{"line":173,"column":42}},"55":{"start":{"line":175,"column":4},"end":{"line":177,"column":5}},"56":{"start":{"line":176,"column":8},"end":{"line":176,"column":42}},"57":{"start":{"line":178,"column":4},"end":{"line":180,"column":5}},"58":{"start":{"line":179,"column":8},"end":{"line":179,"column":42}},"59":{"start":{"line":181,"column":4},"end":{"line":181,"column":13}},"60":{"start":{"line":197,"column":4},"end":{"line":199,"column":5}},"61":{"start":{"line":198,"column":8},"end":{"line":198,"column":20}},"62":{"start":{"line":200,"column":17},"end":{"line":200,"column":21}},"63":{"start":{"line":201,"column":20},"end":{"line":201,"column":22}},"64":{"start":{"line":202,"column":4},"end":{"line":211,"column":5}},"65":{"start":{"line":203,"column":22},"end":{"line":203,"column":48}},"66":{"start":{"line":204,"column":8},"end":{"line":206,"column":9}},"67":{"start":{"line":205,"column":12},"end":{"line":205,"column":21}},"68":{"start":{"line":207,"column":8},"end":{"line":210,"column":9}},"69":{"start":{"line":208,"column":12},"end":{"line":208,"column":35}},"70":{"start":{"line":209,"column":12},"end":{"line":209,"column":42}},"71":{"start":{"line":212,"column":4},"end":{"line":212,"column":29}},"72":{"start":{"line":224,"column":4},"end":{"line":224,"column":42}},"73":{"start":{"line":233,"column":4},"end":{"line":233,"column":45}},"74":{"start":{"line":250,"column":18},"end":{"line":250,"column":44}},"75":{"start":{"line":251,"column":4},"end":{"line":253,"column":5}},"76":{"start":{"line":252,"column":8},"end":{"line":252,"column":20}},"77":{"start":{"line":254,"column":36},"end":{"line":254,"column":49}},"78":{"start":{"line":255,"column":4},"end":{"line":255,"column":73}}},"fnMap":{"0":{"name":"parseVersion","decl":{"start":{"line":36,"column":9},"end":{"line":36,"column":21}},"loc":{"start":{"line":36,"column":31},"end":{"line":60,"column":1}},"line":36},"1":{"name":"parseVersionRange","decl":{"start":{"line":74,"column":9},"end":{"line":74,"column":26}},"loc":{"start":{"line":74,"column":34},"end":{"line":102,"column":1}},"line":74},"2":{"name":"versionSatisfies","decl":{"start":{"line":128,"column":9},"end":{"line":128,"column":25}},"loc":{"start":{"line":128,"column":48},"end":{"line":160,"column":1}},"line":128},"3":{"name":"compareVersions","decl":{"start":{"line":171,"column":9},"end":{"line":171,"column":24}},"loc":{"start":{"line":171,"column":31},"end":{"line":182,"column":1}},"line":171},"4":{"name":"findLatestVersion","decl":{"start":{"line":196,"column":9},"end":{"line":196,"column":26}},"loc":{"start":{"line":196,"column":37},"end":{"line":213,"column":1}},"line":196},"5":{"name":"isValidVersion","decl":{"start":{"line":223,"column":9},"end":{"line":223,"column":23}},"loc":{"start":{"line":223,"column":33},"end":{"line":225,"column":1}},"line":223},"6":{"name":"isValidVersionRange","decl":{"start":{"line":232,"column":9},"end":{"line":232,"column":28}},"loc":{"start":{"line":232,"column":36},"end":{"line":234,"column":1}},"line":232},"7":{"name":"normalizeVersion","decl":{"start":{"line":249,"column":9},"end":{"line":249,"column":25}},"loc":{"start":{"line":249,"column":35},"end":{"line":256,"column":1}},"line":249}},"branchMap":{"0":{"loc":{"start":{"line":39,"column":4},"end":{"line":41,"column":5}},"type":"if","locations":[{"start":{"line":39,"column":4},"end":{"line":41,"column":5}},{"start":{},"end":{}}],"line":39},"1":{"loc":{"start":{"line":43,"column":27},"end":{"line":43,"column":42}},"type":"binary-expr","locations":[{"start":{"line":43,"column":27},"end":{"line":43,"column":35}},{"start":{"line":43,"column":39},"end":{"line":43,"column":42}}],"line":43},"2":{"loc":{"start":{"line":44,"column":27},"end":{"line":44,"column":42}},"type":"binary-expr","locations":[{"start":{"line":44,"column":27},"end":{"line":44,"column":35}},{"start":{"line":44,"column":39},"end":{"line":44,"column":42}}],"line":44},"3":{"loc":{"start":{"line":45,"column":27},"end":{"line":45,"column":42}},"type":"binary-expr","locations":[{"start":{"line":45,"column":27},"end":{"line":45,"column":35}},{"start":{"line":45,"column":39},"end":{"line":45,"column":42}}],"line":45},"4":{"loc":{"start":{"line":47,"column":4},"end":{"line":49,"column":5}},"type":"if","locations":[{"start":{"line":47,"column":4},"end":{"line":49,"column":5}},{"start":{},"end":{}}],"line":47},"5":{"loc":{"start":{"line":47,"column":8},"end":{"line":47,"column":52}},"type":"binary-expr","locations":[{"start":{"line":47,"column":8},"end":{"line":47,"column":20}},{"start":{"line":47,"column":24},"end":{"line":47,"column":36}},{"start":{"line":47,"column":40},"end":{"line":47,"column":52}}],"line":47},"6":{"loc":{"start":{"line":51,"column":4},"end":{"line":53,"column":5}},"type":"if","locations":[{"start":{"line":51,"column":4},"end":{"line":53,"column":5}},{"start":{},"end":{}}],"line":51},"7":{"loc":{"start":{"line":51,"column":8},"end":{"line":51,"column":43}},"type":"binary-expr","locations":[{"start":{"line":51,"column":8},"end":{"line":51,"column":17}},{"start":{"line":51,"column":21},"end":{"line":51,"column":30}},{"start":{"line":51,"column":34},"end":{"line":51,"column":43}}],"line":51},"8":{"loc":{"start":{"line":77,"column":4},"end":{"line":79,"column":5}},"type":"if","locations":[{"start":{"line":77,"column":4},"end":{"line":79,"column":5}},{"start":{},"end":{}}],"line":77},"9":{"loc":{"start":{"line":81,"column":27},"end":{"line":81,"column":42}},"type":"binary-expr","locations":[{"start":{"line":81,"column":27},"end":{"line":81,"column":35}},{"start":{"line":81,"column":39},"end":{"line":81,"column":42}}],"line":81},"10":{"loc":{"start":{"line":82,"column":27},"end":{"line":82,"column":42}},"type":"binary-expr","locations":[{"start":{"line":82,"column":27},"end":{"line":82,"column":35}},{"start":{"line":82,"column":39},"end":{"line":82,"column":42}}],"line":82},"11":{"loc":{"start":{"line":83,"column":27},"end":{"line":83,"column":42}},"type":"binary-expr","locations":[{"start":{"line":83,"column":27},"end":{"line":83,"column":35}},{"start":{"line":83,"column":39},"end":{"line":83,"column":42}}],"line":83},"12":{"loc":{"start":{"line":84,"column":4},"end":{"line":86,"column":5}},"type":"if","locations":[{"start":{"line":84,"column":4},"end":{"line":86,"column":5}},{"start":{},"end":{}}],"line":84},"13":{"loc":{"start":{"line":84,"column":8},"end":{"line":84,"column":52}},"type":"binary-expr","locations":[{"start":{"line":84,"column":8},"end":{"line":84,"column":20}},{"start":{"line":84,"column":24},"end":{"line":84,"column":36}},{"start":{"line":84,"column":40},"end":{"line":84,"column":52}}],"line":84},"14":{"loc":{"start":{"line":88,"column":4},"end":{"line":96,"column":5}},"type":"if","locations":[{"start":{"line":88,"column":4},"end":{"line":96,"column":5}},{"start":{"line":91,"column":9},"end":{"line":96,"column":5}}],"line":88},"15":{"loc":{"start":{"line":91,"column":9},"end":{"line":96,"column":5}},"type":"if","locations":[{"start":{"line":91,"column":9},"end":{"line":96,"column":5}},{"start":{"line":94,"column":9},"end":{"line":96,"column":5}}],"line":91},"16":{"loc":{"start":{"line":131,"column":4},"end":{"line":159,"column":5}},"type":"switch","locations":[{"start":{"line":132,"column":8},"end":{"line":146,"column":9}},{"start":{"line":147,"column":8},"end":{"line":154,"column":9}},{"start":{"line":155,"column":8},"end":{"line":158,"column":9}}],"line":131},"17":{"loc":{"start":{"line":134,"column":12},"end":{"line":136,"column":13}},"type":"if","locations":[{"start":{"line":134,"column":12},"end":{"line":136,"column":13}},{"start":{},"end":{}}],"line":134},"18":{"loc":{"start":{"line":138,"column":12},"end":{"line":140,"column":13}},"type":"if","locations":[{"start":{"line":138,"column":12},"end":{"line":140,"column":13}},{"start":{},"end":{}}],"line":138},"19":{"loc":{"start":{"line":142,"column":12},"end":{"line":144,"column":13}},"type":"if","locations":[{"start":{"line":142,"column":12},"end":{"line":144,"column":13}},{"start":{},"end":{}}],"line":142},"20":{"loc":{"start":{"line":142,"column":16},"end":{"line":142,"column":52}},"type":"binary-expr","locations":[{"start":{"line":142,"column":16},"end":{"line":142,"column":33}},{"start":{"line":142,"column":37},"end":{"line":142,"column":52}}],"line":142},"21":{"loc":{"start":{"line":149,"column":12},"end":{"line":151,"column":13}},"type":"if","locations":[{"start":{"line":149,"column":12},"end":{"line":151,"column":13}},{"start":{},"end":{}}],"line":149},"22":{"loc":{"start":{"line":149,"column":16},"end":{"line":149,"column":54}},"type":"binary-expr","locations":[{"start":{"line":149,"column":16},"end":{"line":149,"column":33}},{"start":{"line":149,"column":37},"end":{"line":149,"column":54}}],"line":149},"23":{"loc":{"start":{"line":157,"column":19},"end":{"line":157,"column":78}},"type":"binary-expr","locations":[{"start":{"line":157,"column":19},"end":{"line":157,"column":36}},{"start":{"line":157,"column":40},"end":{"line":157,"column":57}},{"start":{"line":157,"column":61},"end":{"line":157,"column":78}}],"line":157},"24":{"loc":{"start":{"line":172,"column":4},"end":{"line":174,"column":5}},"type":"if","locations":[{"start":{"line":172,"column":4},"end":{"line":174,"column":5}},{"start":{},"end":{}}],"line":172},"25":{"loc":{"start":{"line":173,"column":15},"end":{"line":173,"column":41}},"type":"cond-expr","locations":[{"start":{"line":173,"column":35},"end":{"line":173,"column":36}},{"start":{"line":173,"column":39},"end":{"line":173,"column":41}}],"line":173},"26":{"loc":{"start":{"line":175,"column":4},"end":{"line":177,"column":5}},"type":"if","locations":[{"start":{"line":175,"column":4},"end":{"line":177,"column":5}},{"start":{},"end":{}}],"line":175},"27":{"loc":{"start":{"line":176,"column":15},"end":{"line":176,"column":41}},"type":"cond-expr","locations":[{"start":{"line":176,"column":35},"end":{"line":176,"column":36}},{"start":{"line":176,"column":39},"end":{"line":176,"column":41}}],"line":176},"28":{"loc":{"start":{"line":178,"column":4},"end":{"line":180,"column":5}},"type":"if","locations":[{"start":{"line":178,"column":4},"end":{"line":180,"column":5}},{"start":{},"end":{}}],"line":178},"29":{"loc":{"start":{"line":179,"column":15},"end":{"line":179,"column":41}},"type":"cond-expr","locations":[{"start":{"line":179,"column":35},"end":{"line":179,"column":36}},{"start":{"line":179,"column":39},"end":{"line":179,"column":41}}],"line":179},"30":{"loc":{"start":{"line":197,"column":4},"end":{"line":199,"column":5}},"type":"if","locations":[{"start":{"line":197,"column":4},"end":{"line":199,"column":5}},{"start":{},"end":{}}],"line":197},"31":{"loc":{"start":{"line":204,"column":8},"end":{"line":206,"column":9}},"type":"if","locations":[{"start":{"line":204,"column":8},"end":{"line":206,"column":9}},{"start":{},"end":{}}],"line":204},"32":{"loc":{"start":{"line":207,"column":8},"end":{"line":210,"column":9}},"type":"if","locations":[{"start":{"line":207,"column":8},"end":{"line":210,"column":9}},{"start":{},"end":{}}],"line":207},"33":{"loc":{"start":{"line":207,"column":12},"end":{"line":207,"column":65}},"type":"binary-expr","locations":[{"start":{"line":207,"column":12},"end":{"line":207,"column":19}},{"start":{"line":207,"column":23},"end":{"line":207,"column":65}}],"line":207},"34":{"loc":{"start":{"line":212,"column":11},"end":{"line":212,"column":28}},"type":"binary-expr","locations":[{"start":{"line":212,"column":11},"end":{"line":212,"column":20}},{"start":{"line":212,"column":24},"end":{"line":212,"column":28}}],"line":212},"35":{"loc":{"start":{"line":251,"column":4},"end":{"line":253,"column":5}},"type":"if","locations":[{"start":{"line":251,"column":4},"end":{"line":253,"column":5}},{"start":{},"end":{}}],"line":251}},"s":{"0":2,"1":2,"2":2,"3":2,"4":2,"5":2,"6":2,"7":2,"8":2,"9":2,"10":25015,"11":25015,"12":25015,"13":1,"14":25014,"15":25014,"16":25014,"17":25014,"18":25014,"19":0,"20":25014,"21":0,"22":25014,"23":31,"24":31,"25":31,"26":0,"27":31,"28":31,"29":31,"30":31,"31":31,"32":0,"33":31,"34":10,"35":21,"36":2,"37":19,"38":31,"39":65023,"40":65023,"41":65023,"42":42503,"43":30000,"44":12503,"45":0,"46":12503,"47":0,"48":12503,"49":5002,"50":2501,"51":2501,"52":17518,"53":5002,"54":5002,"55":0,"56":0,"57":0,"58":0,"59":0,"60":0,"61":0,"62":0,"63":0,"64":0,"65":0,"66":0,"67":0,"68":0,"69":0,"70":0,"71":0,"72":0,"73":0,"74":0,"75":0,"76":0,"77":0,"78":0},"f":{"0":25015,"1":31,"2":65023,"3":5002,"4":0,"5":0,"6":0,"7":0},"b":{"0":[1,25014],"1":[25014,0],"2":[25014,0],"3":[25014,0],"4":[0,25014],"5":[25014,25014,25014],"6":[0,25014],"7":[25014,25014,25014],"8":[0,31],"9":[31,0],"10":[31,1],"11":[31,1],"12":[0,31],"13":[31,31,31],"14":[10,21],"15":[2,19],"16":[42503,5002,17518],"17":[30000,12503],"18":[0,12503],"19":[0,12503],"20":[12503,1],"21":[2501,2501],"22":[5002,2501],"23":[17518,5006,5006],"24":[5002,0],"25":[0,5002],"26":[0,0],"27":[0,0],"28":[0,0],"29":[0,0],"30":[0,0],"31":[0,0],"32":[0,0],"33":[0,0],"34":[0,0],"35":[0,0]},"_coverageSchema":"1a1c01bbd47fc00a2c39e90264f33305004495a9","hash":"d876f449f045cac4b2f702956fbe94a664ef368a"}
}
