{"/Users/bquin/Works/NUEVO/express-version-api/src/lib.ts": {"path":"/Users/bquin/Works/NUEVO/express-version-api/src/lib.ts","statementMap":{"0":{"start":{"line":54,"column":41},"end":{"line":62,"column":1}},"1":{"start":{"line":55,"column":18},"end":{"line":55,"column":62}},"2":{"start":{"line":57,"column":2},"end":{"line":59,"column":3}},"3":{"start":{"line":58,"column":4},"end":{"line":58,"column":50}},"4":{"start":{"line":58,"column":36},"end":{"line":58,"column":50}},"5":{"start":{"line":61,"column":2},"end":{"line":61,"column":15}},"6":{"start":{"line":54,"column":13},"end":{"line":54,"column":41}},"7":{"start":{"line":83,"column":37},"end":{"line":117,"column":1}},"8":{"start":{"line":91,"column":68},"end":{"line":91,"column":92}},"9":{"start":{"line":95,"column":2},"end":{"line":107,"column":3}},"10":{"start":{"line":97,"column":4},"end":{"line":97,"column":73}},"11":{"start":{"line":98,"column":4},"end":{"line":98,"column":55}},"12":{"start":{"line":99,"column":9},"end":{"line":107,"column":3}},"13":{"start":{"line":101,"column":4},"end":{"line":101,"column":54}},"14":{"start":{"line":102,"column":4},"end":{"line":102,"column":35}},"15":{"start":{"line":105,"column":4},"end":{"line":105,"column":31}},"16":{"start":{"line":106,"column":4},"end":{"line":106,"column":70}},"17":{"start":{"line":109,"column":18},"end":{"line":109,"column":45}},"18":{"start":{"line":111,"column":2},"end":{"line":114,"column":3}},"19":{"start":{"line":112,"column":4},"end":{"line":112,"column":33}},"20":{"start":{"line":113,"column":4},"end":{"line":113,"column":16}},"21":{"start":{"line":116,"column":2},"end":{"line":116,"column":15}},"22":{"start":{"line":83,"column":13},"end":{"line":83,"column":37}},"23":{"start":{"line":138,"column":37},"end":{"line":165,"column":1}},"24":{"start":{"line":147,"column":2},"end":{"line":150,"column":3}},"25":{"start":{"line":148,"column":4},"end":{"line":148,"column":40}},"26":{"start":{"line":149,"column":4},"end":{"line":149,"column":11}},"27":{"start":{"line":152,"column":2},"end":{"line":155,"column":3}},"28":{"start":{"line":153,"column":4},"end":{"line":153,"column":42}},"29":{"start":{"line":154,"column":4},"end":{"line":154,"column":11}},"30":{"start":{"line":157,"column":27},"end":{"line":157,"column":50}},"31":{"start":{"line":158,"column":26},"end":{"line":158,"column":90}},"32":{"start":{"line":160,"column":2},"end":{"line":164,"column":3}},"33":{"start":{"line":161,"column":4},"end":{"line":161,"column":41}},"34":{"start":{"line":163,"column":4},"end":{"line":163,"column":42}},"35":{"start":{"line":138,"column":13},"end":{"line":138,"column":37}},"36":{"start":{"line":194,"column":36},"end":{"line":239,"column":1}},"37":{"start":{"line":198,"column":2},"end":{"line":204,"column":3}},"38":{"start":{"line":203,"column":4},"end":{"line":203,"column":87}},"39":{"start":{"line":206,"column":2},"end":{"line":238,"column":4}},"40":{"start":{"line":207,"column":26},"end":{"line":207,"column":56}},"41":{"start":{"line":208,"column":24},"end":{"line":208,"column":52}},"42":{"start":{"line":211,"column":4},"end":{"line":214,"column":5}},"43":{"start":{"line":212,"column":6},"end":{"line":212,"column":73}},"44":{"start":{"line":213,"column":6},"end":{"line":213,"column":13}},"45":{"start":{"line":217,"column":4},"end":{"line":227,"column":5}},"46":{"start":{"line":218,"column":22},"end":{"line":224,"column":null}},"47":{"start":{"line":226,"column":6},"end":{"line":226,"column":26}},"48":{"start":{"line":226,"column":19},"end":{"line":226,"column":26}},"49":{"start":{"line":230,"column":4},"end":{"line":237,"column":6}},"50":{"start":{"line":194,"column":13},"end":{"line":194,"column":36}},"51":{"start":{"line":256,"column":33},"end":{"line":278,"column":1}},"52":{"start":{"line":257,"column":2},"end":{"line":259,"column":3}},"53":{"start":{"line":258,"column":4},"end":{"line":258,"column":16}},"54":{"start":{"line":261,"column":20},"end":{"line":266,"column":3}},"55":{"start":{"line":262,"column":20},"end":{"line":262,"column":49}},"56":{"start":{"line":263,"column":18},"end":{"line":263,"column":64}},"57":{"start":{"line":263,"column":48},"end":{"line":263,"column":63}},"58":{"start":{"line":264,"column":4},"end":{"line":264,"column":43}},"59":{"start":{"line":264,"column":29},"end":{"line":264,"column":43}},"60":{"start":{"line":265,"column":4},"end":{"line":265,"column":29}},"61":{"start":{"line":268,"column":17},"end":{"line":275,"column":4}},"62":{"start":{"line":269,"column":37},"end":{"line":269,"column":49}},"63":{"start":{"line":270,"column":37},"end":{"line":270,"column":49}},"64":{"start":{"line":272,"column":4},"end":{"line":272,"column":50}},"65":{"start":{"line":272,"column":27},"end":{"line":272,"column":50}},"66":{"start":{"line":273,"column":4},"end":{"line":273,"column":50}},"67":{"start":{"line":273,"column":27},"end":{"line":273,"column":50}},"68":{"start":{"line":274,"column":4},"end":{"line":274,"column":27}},"69":{"start":{"line":277,"column":2},"end":{"line":277,"column":68}},"70":{"start":{"line":256,"column":13},"end":{"line":256,"column":33}},"71":{"start":{"line":280,"column":0},"end":{"line":280,"column":36}}},"fnMap":{"0":{"name":"(anonymous_0)","decl":{"start":{"line":54,"column":41},"end":{"line":54,"column":42}},"loc":{"start":{"line":54,"column":83},"end":{"line":62,"column":1}}},"1":{"name":"(anonymous_1)","decl":{"start":{"line":83,"column":37},"end":{"line":83,"column":null}},"loc":{"start":{"line":90,"column":13},"end":{"line":117,"column":1}}},"2":{"name":"(anonymous_2)","decl":{"start":{"line":138,"column":37},"end":{"line":138,"column":null}},"loc":{"start":{"line":146,"column":10},"end":{"line":165,"column":1}}},"3":{"name":"(anonymous_3)","decl":{"start":{"line":194,"column":36},"end":{"line":194,"column":null}},"loc":{"start":{"line":197,"column":20},"end":{"line":239,"column":1}}},"4":{"name":"(anonymous_4)","decl":{"start":{"line":206,"column":9},"end":{"line":206,"column":10}},"loc":{"start":{"line":206,"column":28},"end":{"line":238,"column":3}}},"5":{"name":"(anonymous_5)","decl":{"start":{"line":256,"column":33},"end":{"line":256,"column":34}},"loc":{"start":{"line":256,"column":71},"end":{"line":278,"column":1}}},"6":{"name":"(anonymous_6)","decl":{"start":{"line":261,"column":20},"end":{"line":261,"column":21}},"loc":{"start":{"line":261,"column":50},"end":{"line":266,"column":3}}},"7":{"name":"(anonymous_7)","decl":{"start":{"line":263,"column":41},"end":{"line":263,"column":42}},"loc":{"start":{"line":263,"column":48},"end":{"line":263,"column":63}}},"8":{"name":"(anonymous_8)","decl":{"start":{"line":268,"column":36},"end":{"line":268,"column":37}},"loc":{"start":{"line":268,"column":45},"end":{"line":275,"column":3}}}},"branchMap":{"0":{"loc":{"start":{"line":58,"column":4},"end":{"line":58,"column":50}},"type":"if","locations":[{"start":{"line":58,"column":4},"end":{"line":58,"column":50}},{"start":{},"end":{}}]},"1":{"loc":{"start":{"line":91,"column":9},"end":{"line":91,"column":26}},"type":"default-arg","locations":[{"start":{"line":91,"column":23},"end":{"line":91,"column":26}}]},"2":{"loc":{"start":{"line":91,"column":28},"end":{"line":91,"column":45}},"type":"default-arg","locations":[{"start":{"line":91,"column":42},"end":{"line":91,"column":45}}]},"3":{"loc":{"start":{"line":91,"column":47},"end":{"line":91,"column":64}},"type":"default-arg","locations":[{"start":{"line":91,"column":61},"end":{"line":91,"column":64}}]},"4":{"loc":{"start":{"line":95,"column":2},"end":{"line":107,"column":3}},"type":"if","locations":[{"start":{"line":95,"column":2},"end":{"line":107,"column":3}},{"start":{"line":99,"column":9},"end":{"line":107,"column":3}}]},"5":{"loc":{"start":{"line":99,"column":9},"end":{"line":107,"column":3}},"type":"if","locations":[{"start":{"line":99,"column":9},"end":{"line":107,"column":3}},{"start":{"line":103,"column":9},"end":{"line":107,"column":3}}]},"6":{"loc":{"start":{"line":111,"column":2},"end":{"line":114,"column":3}},"type":"if","locations":[{"start":{"line":111,"column":2},"end":{"line":114,"column":3}},{"start":{},"end":{}}]},"7":{"loc":{"start":{"line":111,"column":6},"end":{"line":111,"column":73}},"type":"binary-expr","locations":[{"start":{"line":111,"column":6},"end":{"line":111,"column":40}},{"start":{"line":111,"column":44},"end":{"line":111,"column":73}}]},"8":{"loc":{"start":{"line":145,"column":2},"end":{"line":145,"column":79}},"type":"default-arg","locations":[{"start":{"line":145,"column":20},"end":{"line":145,"column":79}}]},"9":{"loc":{"start":{"line":147,"column":2},"end":{"line":150,"column":3}},"type":"if","locations":[{"start":{"line":147,"column":2},"end":{"line":150,"column":3}},{"start":{},"end":{}}]},"10":{"loc":{"start":{"line":152,"column":2},"end":{"line":155,"column":3}},"type":"if","locations":[{"start":{"line":152,"column":2},"end":{"line":155,"column":3}},{"start":{},"end":{}}]},"11":{"loc":{"start":{"line":158,"column":26},"end":{"line":158,"column":90}},"type":"cond-expr","locations":[{"start":{"line":158,"column":45},"end":{"line":158,"column":78}},{"start":{"line":158,"column":81},"end":{"line":158,"column":90}}]},"12":{"loc":{"start":{"line":160,"column":2},"end":{"line":164,"column":3}},"type":"if","locations":[{"start":{"line":160,"column":2},"end":{"line":164,"column":3}},{"start":{"line":162,"column":9},"end":{"line":164,"column":3}}]},"13":{"loc":{"start":{"line":198,"column":2},"end":{"line":204,"column":3}},"type":"if","locations":[{"start":{"line":198,"column":2},"end":{"line":204,"column":3}},{"start":{},"end":{}}]},"14":{"loc":{"start":{"line":199,"column":4},"end":{"line":201,"column":34}},"type":"binary-expr","locations":[{"start":{"line":199,"column":4},"end":{"line":199,"column":20}},{"start":{"line":200,"column":4},"end":{"line":200,"column":39}},{"start":{"line":201,"column":4},"end":{"line":201,"column":34}}]},"15":{"loc":{"start":{"line":211,"column":4},"end":{"line":214,"column":5}},"type":"if","locations":[{"start":{"line":211,"column":4},"end":{"line":214,"column":5}},{"start":{},"end":{}}]},"16":{"loc":{"start":{"line":226,"column":6},"end":{"line":226,"column":26}},"type":"if","locations":[{"start":{"line":226,"column":6},"end":{"line":226,"column":26}},{"start":{},"end":{}}]},"17":{"loc":{"start":{"line":257,"column":2},"end":{"line":259,"column":3}},"type":"if","locations":[{"start":{"line":257,"column":2},"end":{"line":259,"column":3}},{"start":{},"end":{}}]},"18":{"loc":{"start":{"line":257,"column":6},"end":{"line":257,"column":55}},"type":"binary-expr","locations":[{"start":{"line":257,"column":6},"end":{"line":257,"column":30}},{"start":{"line":257,"column":34},"end":{"line":257,"column":55}}]},"19":{"loc":{"start":{"line":272,"column":4},"end":{"line":272,"column":50}},"type":"if","locations":[{"start":{"line":272,"column":4},"end":{"line":272,"column":50}},{"start":{},"end":{}}]},"20":{"loc":{"start":{"line":273,"column":4},"end":{"line":273,"column":50}},"type":"if","locations":[{"start":{"line":273,"column":4},"end":{"line":273,"column":50}},{"start":{},"end":{}}]},"21":{"loc":{"start":{"line":277,"column":9},"end":{"line":277,"column":67}},"type":"cond-expr","locations":[{"start":{"line":277,"column":29},"end":{"line":277,"column":60}},{"start":{"line":277,"column":63},"end":{"line":277,"column":67}}]}},"s":{"0":2,"1":14,"2":14,"3":28,"4":12,"5":2,"6":2,"7":2,"8":19,"9":19,"10":6,"11":6,"12":13,"13":10,"14":10,"15":3,"16":3,"17":19,"18":19,"19":7,"20":7,"21":12,"22":2,"23":2,"24":5,"25":1,"26":1,"27":4,"28":1,"29":1,"30":3,"31":3,"32":3,"33":1,"34":2,"35":2,"36":2,"37":8,"38":3,"39":5,"40":14,"41":14,"42":14,"43":2,"44":2,"45":12,"46":19,"47":19,"48":7,"49":5,"50":2,"51":2,"52":10,"53":3,"54":7,"55":34,"56":34,"57":98,"58":34,"59":4,"60":34,"61":7,"62":17,"63":17,"64":17,"65":8,"66":9,"67":8,"68":1,"69":7,"70":2,"71":2},"f":{"0":14,"1":19,"2":5,"3":8,"4":14,"5":10,"6":34,"7":98,"8":17},"b":{"0":[12,16],"1":[0],"2":[0],"3":[0],"4":[6,13],"5":[10,3],"6":[7,12],"7":[19,7],"8":[5],"9":[1,4],"10":[1,3],"11":[3,0],"12":[1,2],"13":[3,5],"14":[8,7,6],"15":[2,12],"16":[7,12],"17":[3,7],"18":[10,8],"19":[8,9],"20":[8,1],"21":[7,0]}}
}
