TN:
SF:src/config.ts
FN:51,resolveConfig
FN:126,freezeConfig
FNF:2
FNH:2
FNDA:16,resolveConfig
FNDA:16,freezeConfig
DA:2,2
DA:3,2
DA:4,2
DA:5,2
DA:6,2
DA:13,2
DA:52,16
DA:53,7
DA:56,9
DA:57,2
DA:58,2
DA:59,3
DA:60,0
DA:64,2
DA:65,0
DA:69,9
DA:70,0
DA:73,9
DA:74,0
DA:75,0
DA:76,0
DA:79,9
DA:80,0
DA:81,0
DA:82,0
DA:86,9
DA:127,16
LF:27
LH:18
BRDA:52,0,0,7
BRDA:52,0,1,9
BRDA:56,1,0,2
BRDA:56,1,1,7
BRDA:59,2,0,0
BRDA:59,2,1,3
BRDA:64,3,0,0
BRDA:64,3,1,2
BRDA:64,4,0,2
BRDA:64,4,1,0
BRDA:69,5,0,0
BRDA:69,5,1,9
BRDA:69,6,0,9
BRDA:69,6,1,0
BRDA:73,7,0,0
BRDA:73,7,1,9
BRDA:75,8,0,0
BRDA:75,8,1,0
BRDA:75,9,0,0
BRDA:75,9,1,0
BRDA:75,9,2,0
BRDA:79,10,0,0
BRDA:79,10,1,9
BRDA:81,11,0,0
BRDA:81,11,1,0
BRDA:81,12,0,0
BRDA:81,12,1,0
BRDA:81,12,2,0
BRDA:88,13,0,9
BRDA:88,13,1,7
BRDA:90,14,0,9
BRDA:90,14,1,9
BRDA:93,15,0,9
BRDA:93,15,1,7
BRDA:96,16,0,9
BRDA:96,16,1,9
BRDA:101,17,0,9
BRDA:101,17,1,9
BRDA:103,18,0,9
BRDA:103,18,1,9
BRDA:105,19,0,9
BRDA:105,19,1,9
BRDA:107,20,0,9
BRDA:107,20,1,9
BRDA:109,21,0,9
BRDA:109,21,1,9
BRDA:113,22,0,9
BRDA:113,22,1,3
BRDA:114,23,0,9
BRDA:114,23,1,8
BRDA:115,24,0,9
BRDA:115,24,1,9
BRDA:116,25,0,9
BRDA:116,25,1,8
BRDA:117,26,0,9
BRDA:117,26,1,9
BRF:56
BRH:39
end_of_record
TN:
SF:src/errors.ts
FN:17,createMissingVersionError
FN:26,createVersionNotFoundError
FN:37,createInvalidVersionFormatError
FN:47,createInvalidHandlerError
FN:56,createInvalidConfigurationError
FN:68,isVersioningError
FN:74,hasErrorCode
FNF:7
FNH:3
FNDA:1,createMissingVersionError
FNDA:2,createVersionNotFoundError
FNDA:1,createInvalidVersionFormatError
FNDA:0,createInvalidHandlerError
FNDA:0,createInvalidConfigurationError
FNDA:0,isVersioningError
FNDA:0,hasErrorCode
DA:2,2
DA:3,2
DA:4,2
DA:5,2
DA:6,2
DA:7,2
DA:8,2
DA:9,2
DA:10,2
DA:18,1
DA:27,2
DA:38,1
DA:48,0
DA:57,0
DA:69,0
DA:75,0
LF:16
LH:12
BRDA:17,0,0,0
BRDA:26,1,0,0
BRDA:37,2,0,1
BRDA:75,3,0,0
BRDA:75,3,1,0
BRF:5
BRH:1
end_of_record
TN:
SF:src/handler-compiler.ts
FN:23,calculatePriority
FN:54,compileHandlers
FN:80,(anonymous_2)
FN:98,findMatchingHandler
FN:112,findLatestHandler
FN:130,getAvailableVersions
FN:131,(anonymous_6)
FNF:7
FNH:7
FNDA:31,calculatePriority
FNDA:16,compileHandlers
FNDA:19,(anonymous_2)
FNDA:25014,findMatchingHandler
FNDA:5001,findLatestHandler
FNDA:16,getAvailableVersions
FNDA:31,(anonymous_6)
DA:2,2
DA:3,2
DA:4,2
DA:5,2
DA:6,2
DA:7,2
DA:8,2
DA:24,31
DA:25,31
DA:27,31
DA:28,31
DA:30,19
DA:32,2
DA:34,10
DA:55,16
DA:56,16
DA:58,31
DA:59,0
DA:62,31
DA:63,31
DA:64,0
DA:65,0
DA:67,0
DA:69,31
DA:76,31
DA:77,31
DA:80,19
DA:81,16
DA:99,25014
DA:100,65023
DA:101,20010
DA:104,5004
DA:113,5001
DA:114,0
DA:117,5001
DA:118,10003
DA:119,5001
DA:122,5001
DA:131,31
LF:39
LH:34
BRDA:28,0,0,19
BRDA:28,0,1,2
BRDA:28,0,2,10
BRDA:54,1,0,0
BRDA:58,2,0,0
BRDA:58,2,1,31
BRDA:58,3,0,31
BRDA:58,3,1,31
BRDA:63,4,0,0
BRDA:63,4,1,31
BRDA:64,5,0,0
BRDA:64,5,1,0
BRDA:100,6,0,20010
BRDA:100,6,1,45013
BRDA:113,7,0,0
BRDA:113,7,1,5001
BRDA:118,8,0,5001
BRDA:118,8,1,5002
BRDA:118,9,0,10003
BRDA:118,9,1,5002
BRF:20
BRH:14
end_of_record
TN:
SF:src/middleware.ts
FN:16,sendErrorResponse
FN:40,getVersionNotFoundMessage
FN:85,versioningMiddleware
FN:103,(anonymous_3)
FN:150,handleFallback
FN:216,executeHandler
FN:221,(anonymous_6)
FN:258,createVersionMiddleware
FNF:8
FNH:7
FNDA:4,sendErrorResponse
FNDA:2,getVersionNotFoundMessage
FNDA:16,versioningMiddleware
FNDA:25016,(anonymous_3)
FNDA:5004,handleFallback
FNDA:25011,executeHandler
FNDA:0,(anonymous_6)
FNDA:1,createVersionMiddleware
DA:2,2
DA:3,2
DA:4,2
DA:5,2
DA:6,2
DA:7,2
DA:8,2
DA:9,2
DA:18,4
DA:19,0
DA:20,0
DA:21,0
DA:25,4
DA:29,4
DA:30,3
DA:32,4
DA:33,2
DA:35,4
DA:41,2
DA:42,2
DA:43,0
DA:45,2
DA:87,16
DA:88,0
DA:91,16
DA:93,16
DA:95,16
DA:96,0
DA:99,16
DA:101,16
DA:103,16
DA:105,25016
DA:107,25016
DA:108,1
DA:110,0
DA:111,0
DA:113,1
DA:114,1
DA:115,1
DA:117,25015
DA:119,25015
DA:120,25015
DA:121,1
DA:122,1
DA:123,1
DA:126,25014
DA:127,25014
DA:129,20010
DA:130,20010
DA:137,20010
DA:138,20010
DA:141,5004
DA:151,5004
DA:154,2
DA:155,2
DA:156,2
DA:157,2
DA:161,5001
DA:162,5001
DA:163,5001
DA:164,5001
DA:170,5001
DA:174,0
DA:175,0
DA:177,5001
DA:181,1
DA:182,1
DA:183,1
DA:189,1
DA:193,0
DA:194,0
DA:195,0
DA:196,0
DA:202,0
DA:205,0
DA:206,0
DA:209,1
DA:217,25011
DA:218,25011
DA:220,25011
DA:221,0
DA:222,0
DA:227,0
DA:259,1
DA:263,1
LF:85
LH:65
BRDA:18,0,0,0
BRDA:18,0,1,4
BRDA:20,1,0,0
BRDA:20,1,1,0
BRDA:29,2,0,3
BRDA:29,2,1,1
BRDA:29,3,0,4
BRDA:29,3,1,4
BRDA:32,4,0,2
BRDA:32,4,1,2
BRDA:32,5,0,4
BRDA:32,5,1,2
BRDA:42,6,0,0
BRDA:42,6,1,2
BRDA:87,7,0,0
BRDA:87,7,1,16
BRDA:95,8,0,0
BRDA:95,8,1,16
BRDA:107,9,0,1
BRDA:107,9,1,25015
BRDA:108,10,0,0
BRDA:108,10,1,1
BRDA:120,11,0,1
BRDA:120,11,1,25014
BRDA:127,12,0,20010
BRDA:127,12,1,5004
BRDA:129,13,0,20010
BRDA:129,13,1,0
BRDA:151,14,0,2
BRDA:151,14,1,5001
BRDA:151,14,2,1
BRDA:154,15,0,2
BRDA:154,15,1,0
BRDA:155,16,0,2
BRDA:155,16,1,0
BRDA:162,17,0,5001
BRDA:162,17,1,0
BRDA:163,18,0,5001
BRDA:163,18,1,0
BRDA:163,19,0,5001
BRDA:163,19,1,5001
BRDA:174,20,0,0
BRDA:174,20,1,0
BRDA:181,21,0,1
BRDA:181,21,1,0
BRDA:182,22,0,1
BRDA:182,22,1,0
BRDA:182,23,0,1
BRDA:182,23,1,1
BRDA:194,24,0,0
BRDA:194,24,1,0
BRDA:195,25,0,0
BRDA:195,25,1,0
BRDA:195,26,0,0
BRDA:195,26,1,0
BRDA:205,27,0,0
BRDA:205,27,1,0
BRDA:220,28,0,0
BRDA:220,28,1,25011
BRDA:261,29,0,1
BRDA:261,29,1,0
BRF:61
BRH:35
end_of_record
TN:
SF:src/types.ts
FN:12,(anonymous_0)
FN:25,(anonymous_1)
FNF:2
FNH:1
FNDA:4,(anonymous_0)
FNDA:0,(anonymous_1)
DA:2,2
DA:3,2
DA:13,4
DA:14,4
DA:15,4
DA:16,4
DA:17,4
DA:18,4
DA:20,4
DA:26,0
DA:35,2
LF:11
LH:10
BRDA:12,0,0,0
BRDA:30,1,0,0
BRDA:30,1,1,0
BRDA:31,2,0,0
BRDA:31,2,1,0
BRF:5
BRH:0
end_of_record
TN:
SF:src/version-extractor.ts
FN:15,extractFromHeader
FN:33,extractFromQuery
FN:47,extractFromPath
FN:61,extractFromRequest
FN:76,createVersionExtractor
FN:78,(anonymous_5)
FN:115,defaultVersionExtractor
FNF:7
FNH:5
FNDA:25015,extractFromHeader
FNDA:3,extractFromQuery
FNDA:0,extractFromPath
FNDA:25016,extractFromRequest
FNDA:16,createVersionExtractor
FNDA:25016,(anonymous_5)
FNDA:0,defaultVersionExtractor
DA:2,2
DA:3,2
DA:4,2
DA:16,25015
DA:17,25015
DA:18,25013
DA:21,2
DA:22,0
DA:24,2
DA:34,3
DA:35,3
DA:36,2
DA:38,1
DA:48,0
DA:49,0
DA:50,0
DA:51,0
DA:53,0
DA:62,25016
DA:63,0
DA:65,25016
DA:77,16
DA:78,16
DA:80,25016
DA:81,25016
DA:82,0
DA:85,25016
DA:87,25018
DA:89,25015
DA:90,25015
DA:92,3
DA:93,3
DA:95,0
DA:96,0
DA:98,0
DA:99,0
DA:101,25018
DA:102,25015
DA:105,1
DA:117,0
DA:118,0
DA:119,0
DA:122,0
DA:123,0
DA:124,0
DA:127,0
DA:128,0
DA:129,0
DA:131,0
LF:49
LH:27
BRDA:17,0,0,25013
BRDA:17,0,1,2
BRDA:17,1,0,25015
BRDA:17,1,1,25013
BRDA:21,2,0,0
BRDA:21,2,1,2
BRDA:21,3,0,2
BRDA:21,3,1,0
BRDA:21,3,2,0
BRDA:35,4,0,2
BRDA:35,4,1,1
BRDA:35,5,0,3
BRDA:35,5,1,2
BRDA:48,6,0,0
BRDA:48,6,1,0
BRDA:50,7,0,0
BRDA:50,7,1,0
BRDA:62,8,0,0
BRDA:62,8,1,25016
BRDA:62,9,0,25016
BRDA:62,9,1,0
BRDA:81,10,0,0
BRDA:81,10,1,25016
BRDA:87,11,0,25015
BRDA:87,11,1,3
BRDA:87,11,2,0
BRDA:87,11,3,0
BRDA:101,12,0,25015
BRDA:101,12,1,3
BRDA:118,13,0,0
BRDA:118,13,1,0
BRDA:123,14,0,0
BRDA:123,14,1,0
BRDA:128,15,0,0
BRDA:128,15,1,0
BRF:35
BRH:17
end_of_record
TN:
SF:src/version-parser.ts
FN:36,parseVersion
FN:74,parseVersionRange
FN:128,versionSatisfies
FN:171,compareVersions
FN:196,findLatestVersion
FN:223,isValidVersion
FN:232,isValidVersionRange
FN:249,normalizeVersion
FNF:8
FNH:4
FNDA:25015,parseVersion
FNDA:31,parseVersionRange
FNDA:65023,versionSatisfies
FNDA:5002,compareVersions
FNDA:0,findLatestVersion
FNDA:0,isValidVersion
FNDA:0,isValidVersionRange
FNDA:0,normalizeVersion
DA:2,2
DA:3,2
DA:4,2
DA:5,2
DA:6,2
DA:7,2
DA:8,2
DA:9,2
DA:10,2
DA:18,2
DA:37,25015
DA:38,25015
DA:39,25015
DA:40,1
DA:42,25014
DA:43,25014
DA:44,25014
DA:45,25014
DA:47,25014
DA:48,0
DA:51,25014
DA:52,0
DA:54,25014
DA:75,31
DA:76,31
DA:77,31
DA:78,0
DA:80,31
DA:81,31
DA:82,31
DA:83,31
DA:84,31
DA:85,0
DA:88,31
DA:89,10
DA:91,21
DA:92,2
DA:95,19
DA:97,31
DA:129,65023
DA:130,65023
DA:131,65023
DA:134,42503
DA:135,30000
DA:138,12503
DA:139,0
DA:142,12503
DA:143,0
DA:145,12503
DA:149,5002
DA:150,2501
DA:153,2501
DA:157,17518
DA:172,5002
DA:173,5002
DA:175,0
DA:176,0
DA:178,0
DA:179,0
DA:181,0
DA:197,0
DA:198,0
DA:200,0
DA:201,0
DA:202,0
DA:203,0
DA:204,0
DA:205,0
DA:207,0
DA:208,0
DA:209,0
DA:212,0
DA:224,0
DA:233,0
DA:250,0
DA:251,0
DA:252,0
DA:254,0
DA:255,0
LF:79
LH:49
BRDA:39,0,0,1
BRDA:39,0,1,25014
BRDA:43,1,0,25014
BRDA:43,1,1,0
BRDA:44,2,0,25014
BRDA:44,2,1,0
BRDA:45,3,0,25014
BRDA:45,3,1,0
BRDA:47,4,0,0
BRDA:47,4,1,25014
BRDA:47,5,0,25014
BRDA:47,5,1,25014
BRDA:47,5,2,25014
BRDA:51,6,0,0
BRDA:51,6,1,25014
BRDA:51,7,0,25014
BRDA:51,7,1,25014
BRDA:51,7,2,25014
BRDA:77,8,0,0
BRDA:77,8,1,31
BRDA:81,9,0,31
BRDA:81,9,1,0
BRDA:82,10,0,31
BRDA:82,10,1,1
BRDA:83,11,0,31
BRDA:83,11,1,1
BRDA:84,12,0,0
BRDA:84,12,1,31
BRDA:84,13,0,31
BRDA:84,13,1,31
BRDA:84,13,2,31
BRDA:88,14,0,10
BRDA:88,14,1,21
BRDA:91,15,0,2
BRDA:91,15,1,19
BRDA:131,16,0,42503
BRDA:131,16,1,5002
BRDA:131,16,2,17518
BRDA:134,17,0,30000
BRDA:134,17,1,12503
BRDA:138,18,0,0
BRDA:138,18,1,12503
BRDA:142,19,0,0
BRDA:142,19,1,12503
BRDA:142,20,0,12503
BRDA:142,20,1,1
BRDA:149,21,0,2501
BRDA:149,21,1,2501
BRDA:149,22,0,5002
BRDA:149,22,1,2501
BRDA:157,23,0,17518
BRDA:157,23,1,5006
BRDA:157,23,2,5006
BRDA:172,24,0,5002
BRDA:172,24,1,0
BRDA:173,25,0,0
BRDA:173,25,1,5002
BRDA:175,26,0,0
BRDA:175,26,1,0
BRDA:176,27,0,0
BRDA:176,27,1,0
BRDA:178,28,0,0
BRDA:178,28,1,0
BRDA:179,29,0,0
BRDA:179,29,1,0
BRDA:197,30,0,0
BRDA:197,30,1,0
BRDA:204,31,0,0
BRDA:204,31,1,0
BRDA:207,32,0,0
BRDA:207,32,1,0
BRDA:207,33,0,0
BRDA:207,33,1,0
BRDA:212,34,0,0
BRDA:212,34,1,0
BRDA:251,35,0,0
BRDA:251,35,1,0
BRF:77
BRH:45
end_of_record
