TN:
SF:src/lib.ts
FN:54,(anonymous_0)
FN:89,(anonymous_1)
FN:144,(anonymous_2)
FN:204,(anonymous_3)
FN:216,(anonymous_4)
FN:266,(anonymous_5)
FN:271,(anonymous_6)
FN:273,(anonymous_7)
FN:278,(anonymous_8)
FNF:9
FNH:9
FNDA:11,(anonymous_0)
FNDA:17,(anonymous_1)
FNDA:2,(anonymous_2)
FNDA:2,(anonymous_3)
FNDA:11,(anonymous_4)
FNDA:2,(anonymous_5)
FNDA:6,(anonymous_6)
FNDA:18,(anonymous_7)
FNDA:3,(anonymous_8)
DA:54,2
DA:55,11
DA:57,11
DA:58,0
DA:61,11
DA:62,11
DA:63,9
DA:66,2
DA:89,2
DA:97,17
DA:101,17
DA:103,6
DA:104,6
DA:105,11
DA:107,9
DA:108,9
DA:111,2
DA:112,2
DA:115,17
DA:117,17
DA:118,7
DA:119,7
DA:122,10
DA:144,2
DA:154,2
DA:155,0
DA:156,0
DA:160,2
DA:161,0
DA:162,0
DA:166,2
DA:167,2
DA:170,2
DA:171,1
DA:173,1
DA:204,2
DA:208,2
DA:213,0
DA:216,2
DA:217,11
DA:218,11
DA:221,11
DA:222,2
DA:223,2
DA:227,9
DA:228,17
DA:236,17
DA:240,2
DA:266,2
DA:267,2
DA:268,0
DA:271,2
DA:272,6
DA:273,18
DA:274,6
DA:275,6
DA:278,2
DA:279,3
DA:280,3
DA:282,3
DA:283,0
DA:284,0
DA:287,2
DA:290,2
LF:64
LH:55
BRDA:55,0,0,0
BRDA:55,0,1,11
BRDA:57,1,0,0
BRDA:57,1,1,11
BRDA:62,2,0,9
BRDA:62,2,1,2
BRDA:97,3,0,0
BRDA:97,4,0,0
BRDA:97,5,0,0
BRDA:101,6,0,6
BRDA:101,6,1,11
BRDA:105,7,0,9
BRDA:105,7,1,2
BRDA:117,8,0,7
BRDA:117,8,1,10
BRDA:117,9,0,17
BRDA:117,9,1,7
BRDA:151,10,0,2
BRDA:154,11,0,0
BRDA:154,11,1,2
BRDA:160,12,0,0
BRDA:160,12,1,2
BRDA:160,13,0,2
BRDA:160,13,1,2
BRDA:167,14,0,2
BRDA:167,14,1,0
BRDA:170,15,0,1
BRDA:170,15,1,1
BRDA:208,16,0,0
BRDA:208,16,1,2
BRDA:209,17,0,2
BRDA:209,17,1,2
BRDA:209,17,2,2
BRDA:221,18,0,2
BRDA:221,18,1,9
BRDA:236,19,0,7
BRDA:236,19,1,10
BRDA:267,20,0,0
BRDA:267,20,1,2
BRDA:267,21,0,2
BRDA:267,21,1,2
BRDA:282,22,0,3
BRDA:282,22,1,0
BRDA:283,23,0,0
BRDA:283,23,1,0
BRDA:287,24,0,2
BRDA:287,24,1,0
BRF:47
BRH:33
end_of_record
